[2025-08-21 15:54:10,134] INFO - models.cron_model: Connected to MongoDB database (mongo_db).
[2025-08-21 15:54:10,149] INFO - models.admin_model: Connected to MongoDB database (mongo_db).
[2025-08-21 15:54:11,398] INFO - models.cron_model: Connected to MongoDB database (mongo_db).
[2025-08-21 15:54:11,472] INFO - models.admin_model: Connected to MongoDB database (mongo_db).
[2025-08-21 15:54:39,562] INFO - controllers.cron_controller: ✅ Upcoming matches fetched successfully at 2025-08-21 15:54:39
[2025-08-21 15:55:55,683] INFO - models.cron_model: Match inserted for match_id: 92710
[2025-08-21 15:55:55,701] INFO - models.cron_model: Match inserted for match_id: 92710
[2025-08-21 15:56:50,982] INFO - models.cron_model: Match inserted for match_id: 92640
[2025-08-21 15:56:50,999] INFO - models.cron_model: Match inserted for match_id: 92640
[2025-08-21 15:57:31,453] INFO - models.cron_model: Match inserted for match_id: 92561
[2025-08-21 15:57:31,467] INFO - models.cron_model: Match inserted for match_id: 92561
[2025-08-21 15:58:20,486] INFO - models.cron_model: Match inserted for match_id: 92706
[2025-08-21 15:58:20,502] INFO - models.cron_model: Match inserted for match_id: 92706
[2025-08-21 15:58:56,701] INFO - models.cron_model: Match inserted for match_id: 92641
[2025-08-21 15:58:56,716] INFO - models.cron_model: Match inserted for match_id: 92641
[2025-08-21 15:59:47,633] INFO - models.cron_model: Match updated for match_id: 91917
[2025-08-21 15:59:47,875] INFO - models.cron_model: Match updated for match_id: 91917
[2025-08-21 16:00:35,973] INFO - models.cron_model: Match inserted for match_id: 91991
[2025-08-21 16:00:35,988] INFO - models.cron_model: Match inserted for match_id: 91991
[2025-08-21 16:01:16,266] INFO - models.cron_model: Match updated for match_id: 88313
[2025-08-21 16:01:16,282] INFO - models.cron_model: Match updated for match_id: 88313
[2025-08-21 16:02:05,842] INFO - models.cron_model: Match inserted for match_id: 92274
[2025-08-21 16:02:05,857] INFO - models.cron_model: Match inserted for match_id: 92274
[2025-08-21 16:02:56,456] INFO - models.cron_model: Match inserted for match_id: 92642
[2025-08-21 16:02:56,477] INFO - models.cron_model: Match inserted for match_id: 92642
[2025-08-21 16:03:42,036] INFO - models.cron_model: Match inserted for match_id: 92562
[2025-08-21 16:03:42,051] INFO - models.cron_model: Match inserted for match_id: 92562
[2025-08-21 16:04:33,936] INFO - models.cron_model: Match inserted for match_id: 92482
[2025-08-21 16:04:33,952] INFO - models.cron_model: Match inserted for match_id: 92482
[2025-08-21 16:05:07,065] INFO - models.cron_model: Match updated for match_id: 88345
[2025-08-21 16:05:07,080] INFO - models.cron_model: Match updated for match_id: 88345
[2025-08-21 16:05:44,418] INFO - models.cron_model: Match inserted for match_id: 92483
[2025-08-21 16:05:44,433] INFO - models.cron_model: Match inserted for match_id: 92483
[2025-08-21 16:06:29,246] INFO - models.cron_model: Match updated for match_id: 90027
[2025-08-21 16:06:29,262] INFO - models.cron_model: Match updated for match_id: 90027
[2025-08-21 16:07:13,346] INFO - models.cron_model: Match inserted for match_id: 92516
[2025-08-21 16:07:13,362] INFO - models.cron_model: Match inserted for match_id: 92516
[2025-08-21 16:07:59,680] INFO - models.cron_model: Match inserted for match_id: 92517
[2025-08-21 16:07:59,700] INFO - models.cron_model: Match inserted for match_id: 92517
[2025-08-21 16:08:45,348] INFO - models.cron_model: Match updated for match_id: 90699
[2025-08-21 16:08:45,363] INFO - models.cron_model: Match updated for match_id: 90699
[2025-08-21 16:09:19,054] INFO - models.cron_model: Match updated for match_id: 92585
[2025-08-21 16:09:19,068] INFO - models.cron_model: Match updated for match_id: 92585
[2025-08-21 16:10:00,106] INFO - models.cron_model: Match inserted for match_id: 92275
[2025-08-21 16:10:00,121] INFO - models.cron_model: Match inserted for match_id: 92275
[2025-08-21 16:10:47,969] INFO - models.cron_model: Match inserted for match_id: 91992
[2025-08-21 16:10:47,985] INFO - models.cron_model: Match inserted for match_id: 91992
[2025-08-21 16:11:30,308] INFO - models.cron_model: Match updated for match_id: 91918
[2025-08-21 16:11:30,324] INFO - models.cron_model: Match updated for match_id: 91918
[2025-08-21 16:12:07,733] INFO - models.cron_model: Match inserted for match_id: 91993
[2025-08-21 16:12:07,748] INFO - models.cron_model: Match inserted for match_id: 91993
[2025-08-21 16:12:48,074] INFO - models.cron_model: Match inserted for match_id: 88314
[2025-08-21 16:12:48,089] INFO - models.cron_model: Match inserted for match_id: 88314
[2025-08-21 16:13:23,884] INFO - models.cron_model: Match inserted for match_id: 88346
[2025-08-21 16:13:23,899] INFO - models.cron_model: Match inserted for match_id: 88346
[2025-08-21 16:14:03,638] INFO - models.cron_model: Match updated for match_id: 90028
[2025-08-21 16:14:03,660] INFO - models.cron_model: Match updated for match_id: 90028
[2025-08-21 16:14:47,236] INFO - models.cron_model: Match inserted for match_id: 91919
[2025-08-21 16:14:47,252] INFO - models.cron_model: Match inserted for match_id: 91919
[2025-08-21 16:15:30,768] INFO - models.cron_model: Match inserted for match_id: 88315
[2025-08-21 16:15:30,783] INFO - models.cron_model: Match inserted for match_id: 88315
[2025-08-21 16:16:13,318] INFO - models.cron_model: Match inserted for match_id: 88316
[2025-08-21 16:16:13,333] INFO - models.cron_model: Match inserted for match_id: 88316
[2025-08-21 16:17:04,924] INFO - models.cron_model: Match inserted for match_id: 88347
[2025-08-21 16:17:04,939] INFO - models.cron_model: Match inserted for match_id: 88347
[2025-08-21 16:17:43,999] INFO - models.cron_model: Match inserted for match_id: 91920
[2025-08-21 16:17:44,014] INFO - models.cron_model: Match inserted for match_id: 91920
[2025-08-21 16:18:32,420] INFO - models.cron_model: Match inserted for match_id: 88348
[2025-08-21 16:18:32,436] INFO - models.cron_model: Match inserted for match_id: 88348
[2025-08-21 16:19:23,083] INFO - models.cron_model: Match inserted for match_id: 90029
[2025-08-21 16:19:23,105] INFO - models.cron_model: Match inserted for match_id: 90029
[2025-08-21 16:20:10,381] INFO - models.cron_model: Match inserted for match_id: 90030
[2025-08-21 16:20:10,402] INFO - models.cron_model: Match inserted for match_id: 90030
[2025-08-21 16:20:10,402] INFO - controllers.cron_controller: ✅ upsert_match_detail_res and upsert_match_stats_res successfully at 2025-08-21 16:20:10
[2025-08-21 16:20:11,872] INFO - models.cron_model: Connected to MongoDB database (mongo_db).
[2025-08-21 16:20:11,946] INFO - models.admin_model: Connected to MongoDB database (mongo_db).
[2025-08-21 16:21:47,873] INFO - models.cron_model: Connected to MongoDB database (mongo_db).
[2025-08-21 16:21:47,949] INFO - models.admin_model: Connected to MongoDB database (mongo_db).
[2025-08-21 16:21:56,708] INFO - models.cron_model: Connected to MongoDB database (mongo_db).
[2025-08-21 16:21:56,816] INFO - models.admin_model: Connected to MongoDB database (mongo_db).
[2025-08-21 16:22:09,761] INFO - models.cron_model: Connected to MongoDB database (mongo_db).
[2025-08-21 16:22:09,774] INFO - models.admin_model: Connected to MongoDB database (mongo_db).
[2025-08-21 16:22:11,027] INFO - models.cron_model: Connected to MongoDB database (mongo_db).
[2025-08-21 16:22:11,103] INFO - models.admin_model: Connected to MongoDB database (mongo_db).
[2025-08-21 16:23:03,920] INFO - models.cron_model: Connected to MongoDB database (mongo_db).
[2025-08-21 16:23:03,992] INFO - models.admin_model: Connected to MongoDB database (mongo_db).
[2025-08-21 16:23:06,148] INFO - models.cron_model: Connected to MongoDB database (mongo_db).
[2025-08-21 16:23:08,141] INFO - models.cron_model: Connected to MongoDB database (mongo_db).
[2025-08-21 16:23:08,152] INFO - models.admin_model: Connected to MongoDB database (mongo_db).
[2025-08-21 16:23:09,534] INFO - models.cron_model: Connected to MongoDB database (mongo_db).
[2025-08-21 16:23:09,667] INFO - models.admin_model: Connected to MongoDB database (mongo_db).
[2025-08-21 16:24:22,255] INFO - models.cron_model: Connected to MongoDB database (mongo_db).
[2025-08-21 16:24:22,349] INFO - models.admin_model: Connected to MongoDB database (mongo_db).
[2025-08-21 16:24:40,969] INFO - models.cron_model: Connected to MongoDB database (mongo_db).
[2025-08-21 16:24:41,039] INFO - models.admin_model: Connected to MongoDB database (mongo_db).
[2025-08-21 16:24:44,101] INFO - models.cron_model: Connected to MongoDB database (mongo_db).
[2025-08-21 16:24:44,244] INFO - models.admin_model: Connected to MongoDB database (mongo_db).
[2025-08-21 16:24:58,634] INFO - models.cron_model: Connected to MongoDB database (mongo_db).
[2025-08-21 16:24:58,707] INFO - models.admin_model: Connected to MongoDB database (mongo_db).
[2025-08-21 16:25:05,772] INFO - models.cron_model: Connected to MongoDB database (mongo_db).
[2025-08-21 16:25:05,843] INFO - models.admin_model: Connected to MongoDB database (mongo_db).
[2025-08-21 16:25:12,854] INFO - models.cron_model: Connected to MongoDB database (mongo_db).
[2025-08-21 16:25:12,954] INFO - models.admin_model: Connected to MongoDB database (mongo_db).
[2025-08-21 16:25:18,612] INFO - models.cron_model: Connected to MongoDB database (mongo_db).
[2025-08-21 16:25:18,701] INFO - models.admin_model: Connected to MongoDB database (mongo_db).
[2025-08-21 16:25:28,406] INFO - models.cron_model: Connected to MongoDB database (mongo_db).
[2025-08-21 16:25:28,478] INFO - models.admin_model: Connected to MongoDB database (mongo_db).
[2025-08-21 16:25:38,179] INFO - models.cron_model: Connected to MongoDB database (mongo_db).
[2025-08-21 16:25:38,262] INFO - models.admin_model: Connected to MongoDB database (mongo_db).
[2025-08-21 16:26:01,699] INFO - models.cron_model: Connected to MongoDB database (mongo_db).
[2025-08-21 16:26:01,782] INFO - models.admin_model: Connected to MongoDB database (mongo_db).
[2025-08-21 16:26:08,908] INFO - models.cron_model: Connected to MongoDB database (mongo_db).
[2025-08-21 16:26:08,993] INFO - models.admin_model: Connected to MongoDB database (mongo_db).
[2025-08-21 16:26:11,706] INFO - models.cron_model: Connected to MongoDB database (mongo_db).
[2025-08-21 16:26:11,780] INFO - models.admin_model: Connected to MongoDB database (mongo_db).
[2025-08-21 16:26:29,495] INFO - models.cron_model: Connected to MongoDB database (mongo_db).
[2025-08-21 16:26:29,506] INFO - models.admin_model: Connected to MongoDB database (mongo_db).
[2025-08-21 16:26:30,847] INFO - models.cron_model: Connected to MongoDB database (mongo_db).
[2025-08-21 16:26:30,919] INFO - models.admin_model: Connected to MongoDB database (mongo_db).
[2025-08-21 16:27:24,329] WARNING - libraries.qdrant_client: ⚠️ Could not fetch existing collection info: 2 validation errors for ParsingModel[InlineResponse2005] (for parse_as_type)
obj -> result -> vectors_count
  field required (type=value_error.missing)
obj -> result -> config -> optimizer_config -> max_optimization_threads
  none is not an allowed value (type=type_error.none.not_allowed)
[2025-08-21 16:27:24,549] INFO - libraries.qdrant_client: 📚 Created payload index: text
[2025-08-21 16:27:24,714] INFO - libraries.qdrant_client: 🆕 Adding new match → ID: 7899f4c4-088d-5a7f-ba85-6c6db8eeb6bc
[2025-08-21 16:27:25,151] INFO - libraries.qdrant_client: ✅ Upserted match ID 92710 to 'match_details'
[2025-08-21 16:27:25,318] INFO - libraries.qdrant_client: 🆕 Adding new match → ID: 265afa5e-20a8-5da4-8282-5a455610aff9
[2025-08-21 16:27:25,567] INFO - libraries.qdrant_client: ✅ Upserted match ID 92640 to 'match_details'
[2025-08-21 16:27:25,728] INFO - libraries.qdrant_client: 🆕 Adding new match → ID: b6fe1b04-4b2f-5175-b7a1-e539759469eb
[2025-08-21 16:27:25,963] INFO - libraries.qdrant_client: ✅ Upserted match ID 92561 to 'match_details'
[2025-08-21 16:27:26,126] INFO - libraries.qdrant_client: 🆕 Adding new match → ID: 46511d49-ca77-5b32-92a7-de2925f04888
[2025-08-21 16:27:26,376] INFO - libraries.qdrant_client: ✅ Upserted match ID 92706 to 'match_details'
[2025-08-21 16:27:26,541] INFO - libraries.qdrant_client: 🆕 Adding new match → ID: 05429356-98ba-5d97-9b03-54d37c2ebed9
[2025-08-21 16:27:26,787] INFO - libraries.qdrant_client: ✅ Upserted match ID 92641 to 'match_details'
[2025-08-21 16:27:26,949] INFO - libraries.qdrant_client: ♻️ Updating existing match → ID: d34ff929-3294-50c6-8cc2-3416b6679e2a
[2025-08-21 16:27:27,184] INFO - libraries.qdrant_client: ✅ Upserted match ID 91917 to 'match_details'
[2025-08-21 16:27:27,346] INFO - libraries.qdrant_client: 🆕 Adding new match → ID: 0bfdfffe-9023-5ef6-9cbb-d965806388dd
[2025-08-21 16:27:27,583] INFO - libraries.qdrant_client: ✅ Upserted match ID 91991 to 'match_details'
[2025-08-21 16:27:27,746] INFO - libraries.qdrant_client: ♻️ Updating existing match → ID: d1c1f7f4-52d5-5a06-8e82-2c0fc3dc238f
[2025-08-21 16:27:27,980] INFO - libraries.qdrant_client: ✅ Upserted match ID 88313 to 'match_details'
[2025-08-21 16:27:28,142] INFO - libraries.qdrant_client: 🆕 Adding new match → ID: f1ebe813-9b3d-5e3b-bd3c-5747c4e1aee9
[2025-08-21 16:27:28,381] INFO - libraries.qdrant_client: ✅ Upserted match ID 92274 to 'match_details'
[2025-08-21 16:27:28,541] INFO - libraries.qdrant_client: 🆕 Adding new match → ID: f320d2a4-fdcc-5928-b9c7-244436e4d75d
[2025-08-21 16:27:28,769] INFO - libraries.qdrant_client: ✅ Upserted match ID 92642 to 'match_details'
[2025-08-21 16:27:28,934] INFO - libraries.qdrant_client: 🆕 Adding new match → ID: 03af429e-9645-51cb-9f0b-e6fff2fdac23
[2025-08-21 16:27:29,153] INFO - libraries.qdrant_client: ✅ Upserted match ID 92562 to 'match_details'
[2025-08-21 16:27:29,317] INFO - libraries.qdrant_client: 🆕 Adding new match → ID: 1180728b-b545-5d96-a32f-c6705e852875
[2025-08-21 16:27:29,545] INFO - libraries.qdrant_client: ✅ Upserted match ID 92482 to 'match_details'
[2025-08-21 16:27:29,707] INFO - libraries.qdrant_client: ♻️ Updating existing match → ID: d371c363-09a4-551f-8149-189a56455235
[2025-08-21 16:27:29,938] INFO - libraries.qdrant_client: ✅ Upserted match ID 88345 to 'match_details'
[2025-08-21 16:27:30,100] INFO - libraries.qdrant_client: 🆕 Adding new match → ID: 9393d800-1c43-59b8-8bf4-36c13f1f5715
[2025-08-21 16:27:30,338] INFO - libraries.qdrant_client: ✅ Upserted match ID 92483 to 'match_details'
[2025-08-21 16:27:30,502] INFO - libraries.qdrant_client: ♻️ Updating existing match → ID: 11bb563c-01e9-5210-855c-7bca7daa3b94
[2025-08-21 16:27:30,750] INFO - libraries.qdrant_client: ✅ Upserted match ID 90027 to 'match_details'
[2025-08-21 16:27:30,911] INFO - libraries.qdrant_client: 🆕 Adding new match → ID: 3fefa8c6-3a6d-5b26-8924-2dd6e853db64
[2025-08-21 16:27:31,150] INFO - libraries.qdrant_client: ✅ Upserted match ID 92516 to 'match_details'
[2025-08-21 16:27:31,312] INFO - libraries.qdrant_client: 🆕 Adding new match → ID: 5e9e5f68-68ed-59c5-986d-631a0af8212e
[2025-08-21 16:27:31,551] INFO - libraries.qdrant_client: ✅ Upserted match ID 92517 to 'match_details'
[2025-08-21 16:27:31,714] INFO - libraries.qdrant_client: ♻️ Updating existing match → ID: 422d42da-a83a-5c70-814e-0348495b1ad5
[2025-08-21 16:27:31,956] INFO - libraries.qdrant_client: ✅ Upserted match ID 90699 to 'match_details'
[2025-08-21 16:27:32,120] INFO - libraries.qdrant_client: ♻️ Updating existing match → ID: 15cff134-f203-57e9-872f-2df9c93481c2
[2025-08-21 16:27:32,358] INFO - libraries.qdrant_client: ✅ Upserted match ID 92585 to 'match_details'
[2025-08-21 16:27:32,520] INFO - libraries.qdrant_client: 🆕 Adding new match → ID: 0e4e97a6-1760-5ccf-9b3c-c1ac6b76c0d8
[2025-08-21 16:27:32,756] INFO - libraries.qdrant_client: ✅ Upserted match ID 92275 to 'match_details'
[2025-08-21 16:27:32,918] INFO - libraries.qdrant_client: 🆕 Adding new match → ID: 91f9819b-2e0a-58d0-8c95-d742c6223bd5
[2025-08-21 16:27:33,153] INFO - libraries.qdrant_client: ✅ Upserted match ID 91992 to 'match_details'
[2025-08-21 16:27:33,316] INFO - libraries.qdrant_client: ♻️ Updating existing match → ID: b311dc65-2282-5e24-87df-34ece815991a
[2025-08-21 16:27:33,568] INFO - libraries.qdrant_client: ✅ Upserted match ID 91918 to 'match_details'
[2025-08-21 16:27:33,730] INFO - libraries.qdrant_client: 🆕 Adding new match → ID: 2e848e89-da4c-5d5d-a15c-a063e51d657c
[2025-08-21 16:27:33,953] INFO - libraries.qdrant_client: ✅ Upserted match ID 91993 to 'match_details'
[2025-08-21 16:27:34,117] INFO - libraries.qdrant_client: 🆕 Adding new match → ID: c3bab9bd-7a03-5719-88f7-095df66772c8
[2025-08-21 16:27:34,353] INFO - libraries.qdrant_client: ✅ Upserted match ID 88314 to 'match_details'
[2025-08-21 16:27:34,515] INFO - libraries.qdrant_client: 🆕 Adding new match → ID: 8697e002-ca93-5e8e-8ad1-17e7a8846372
[2025-08-21 16:27:34,739] INFO - libraries.qdrant_client: ✅ Upserted match ID 88346 to 'match_details'
[2025-08-21 16:27:34,903] INFO - libraries.qdrant_client: ♻️ Updating existing match → ID: d344b718-6359-5ed3-9c80-332a5325643e
[2025-08-21 16:27:35,136] INFO - libraries.qdrant_client: ✅ Upserted match ID 90028 to 'match_details'
[2025-08-21 16:27:35,298] INFO - libraries.qdrant_client: 🆕 Adding new match → ID: b3bde11e-37cf-581f-9ff5-2482f01b47c1
[2025-08-21 16:27:35,532] INFO - libraries.qdrant_client: ✅ Upserted match ID 91919 to 'match_details'
[2025-08-21 16:27:35,694] INFO - libraries.qdrant_client: 🆕 Adding new match → ID: b6d71ae3-c219-5dc8-9403-77dcfa659a6e
[2025-08-21 16:27:35,931] INFO - libraries.qdrant_client: ✅ Upserted match ID 88315 to 'match_details'
[2025-08-21 16:27:36,093] INFO - libraries.qdrant_client: 🆕 Adding new match → ID: c0ba6a0b-dd23-5852-a3ac-f56b69c7eca9
[2025-08-21 16:27:36,332] INFO - libraries.qdrant_client: ✅ Upserted match ID 88316 to 'match_details'
[2025-08-21 16:27:36,493] INFO - libraries.qdrant_client: 🆕 Adding new match → ID: 725abb11-52c7-58e7-94ab-25897db509f4
[2025-08-21 16:27:36,735] INFO - libraries.qdrant_client: ✅ Upserted match ID 88347 to 'match_details'
[2025-08-21 16:27:36,897] INFO - libraries.qdrant_client: 🆕 Adding new match → ID: 0bf64fbe-6c3f-53a1-8f61-299eb0ab6e12
[2025-08-21 16:27:37,130] INFO - libraries.qdrant_client: ✅ Upserted match ID 91920 to 'match_details'
[2025-08-21 16:27:37,297] INFO - libraries.qdrant_client: 🆕 Adding new match → ID: 04a40b04-62a3-5993-aa7f-65cf7b668f2b
[2025-08-21 16:27:37,523] INFO - libraries.qdrant_client: ✅ Upserted match ID 88348 to 'match_details'
[2025-08-21 16:27:37,683] INFO - libraries.qdrant_client: 🆕 Adding new match → ID: 38b00ab7-c434-5e22-b2c7-610ca0cb6ca9
[2025-08-21 16:27:37,914] INFO - libraries.qdrant_client: ✅ Upserted match ID 90029 to 'match_details'
[2025-08-21 16:27:38,077] INFO - libraries.qdrant_client: 🆕 Adding new match → ID: bf7b0a97-9acd-50bd-80b9-34cb2b3a0ef5
[2025-08-21 16:27:38,307] INFO - libraries.qdrant_client: ✅ Upserted match ID 90030 to 'match_details'
[2025-08-21 16:27:41,755] WARNING - libraries.qdrant_client: ⚠️ Could not fetch existing collection info: 2 validation errors for ParsingModel[InlineResponse2005] (for parse_as_type)
obj -> result -> vectors_count
  field required (type=value_error.missing)
obj -> result -> config -> optimizer_config -> max_optimization_threads
  none is not an allowed value (type=type_error.none.not_allowed)
[2025-08-21 16:27:41,942] INFO - libraries.qdrant_client: 📚 Created payload index: text
[2025-08-21 16:27:42,104] INFO - libraries.qdrant_client: 🆕 Adding new match → ID: 7899f4c4-088d-5a7f-ba85-6c6db8eeb6bc
[2025-08-21 16:27:42,350] INFO - libraries.qdrant_client: ✅ Upserted match ID 92710 to 'match_stats'
[2025-08-21 16:27:42,517] INFO - libraries.qdrant_client: 🆕 Adding new match → ID: 265afa5e-20a8-5da4-8282-5a455610aff9
[2025-08-21 16:27:42,746] INFO - libraries.qdrant_client: ✅ Upserted match ID 92640 to 'match_stats'
[2025-08-21 16:27:42,910] INFO - libraries.qdrant_client: 🆕 Adding new match → ID: b6fe1b04-4b2f-5175-b7a1-e539759469eb
[2025-08-21 16:27:43,134] INFO - libraries.qdrant_client: ✅ Upserted match ID 92561 to 'match_stats'
[2025-08-21 16:27:43,294] INFO - libraries.qdrant_client: 🆕 Adding new match → ID: 46511d49-ca77-5b32-92a7-de2925f04888
[2025-08-21 16:27:43,526] INFO - libraries.qdrant_client: ✅ Upserted match ID 92706 to 'match_stats'
[2025-08-21 16:27:43,689] INFO - libraries.qdrant_client: 🆕 Adding new match → ID: 05429356-98ba-5d97-9b03-54d37c2ebed9
[2025-08-21 16:27:43,918] INFO - libraries.qdrant_client: ✅ Upserted match ID 92641 to 'match_stats'
[2025-08-21 16:27:44,081] INFO - libraries.qdrant_client: ♻️ Updating existing match → ID: d34ff929-3294-50c6-8cc2-3416b6679e2a
[2025-08-21 16:27:44,308] INFO - libraries.qdrant_client: ✅ Upserted match ID 91917 to 'match_stats'
[2025-08-21 16:27:44,471] INFO - libraries.qdrant_client: 🆕 Adding new match → ID: 0bfdfffe-9023-5ef6-9cbb-d965806388dd
[2025-08-21 16:27:44,692] INFO - libraries.qdrant_client: ✅ Upserted match ID 91991 to 'match_stats'
[2025-08-21 16:27:44,854] INFO - libraries.qdrant_client: ♻️ Updating existing match → ID: d1c1f7f4-52d5-5a06-8e82-2c0fc3dc238f
[2025-08-21 16:27:45,076] INFO - libraries.qdrant_client: ✅ Upserted match ID 88313 to 'match_stats'
[2025-08-21 16:27:45,269] INFO - libraries.qdrant_client: 🆕 Adding new match → ID: f1ebe813-9b3d-5e3b-bd3c-5747c4e1aee9
[2025-08-21 16:27:45,498] INFO - libraries.qdrant_client: ✅ Upserted match ID 92274 to 'match_stats'
[2025-08-21 16:27:45,659] INFO - libraries.qdrant_client: 🆕 Adding new match → ID: f320d2a4-fdcc-5928-b9c7-244436e4d75d
[2025-08-21 16:27:45,885] INFO - libraries.qdrant_client: ✅ Upserted match ID 92642 to 'match_stats'
[2025-08-21 16:27:46,047] INFO - libraries.qdrant_client: 🆕 Adding new match → ID: 03af429e-9645-51cb-9f0b-e6fff2fdac23
[2025-08-21 16:27:46,274] INFO - libraries.qdrant_client: ✅ Upserted match ID 92562 to 'match_stats'
[2025-08-21 16:27:46,439] INFO - libraries.qdrant_client: 🆕 Adding new match → ID: 1180728b-b545-5d96-a32f-c6705e852875
[2025-08-21 16:27:46,656] INFO - libraries.qdrant_client: ✅ Upserted match ID 92482 to 'match_stats'
[2025-08-21 16:27:46,820] INFO - libraries.qdrant_client: ♻️ Updating existing match → ID: d371c363-09a4-551f-8149-189a56455235
[2025-08-21 16:27:47,048] INFO - libraries.qdrant_client: ✅ Upserted match ID 88345 to 'match_stats'
[2025-08-21 16:27:47,211] INFO - libraries.qdrant_client: 🆕 Adding new match → ID: 9393d800-1c43-59b8-8bf4-36c13f1f5715
[2025-08-21 16:27:47,449] INFO - libraries.qdrant_client: ✅ Upserted match ID 92483 to 'match_stats'
[2025-08-21 16:27:47,611] INFO - libraries.qdrant_client: ♻️ Updating existing match → ID: 11bb563c-01e9-5210-855c-7bca7daa3b94
[2025-08-21 16:27:47,854] INFO - libraries.qdrant_client: ✅ Upserted match ID 90027 to 'match_stats'
[2025-08-21 16:27:48,018] INFO - libraries.qdrant_client: 🆕 Adding new match → ID: 3fefa8c6-3a6d-5b26-8924-2dd6e853db64
[2025-08-21 16:27:48,273] INFO - libraries.qdrant_client: ✅ Upserted match ID 92516 to 'match_stats'
[2025-08-21 16:27:48,437] INFO - libraries.qdrant_client: 🆕 Adding new match → ID: 5e9e5f68-68ed-59c5-986d-631a0af8212e
[2025-08-21 16:27:48,708] INFO - libraries.qdrant_client: ✅ Upserted match ID 92517 to 'match_stats'
[2025-08-21 16:27:48,870] INFO - libraries.qdrant_client: ♻️ Updating existing match → ID: 422d42da-a83a-5c70-814e-0348495b1ad5
[2025-08-21 16:27:49,167] INFO - libraries.qdrant_client: ✅ Upserted match ID 90699 to 'match_stats'
[2025-08-21 16:27:49,331] INFO - libraries.qdrant_client: ♻️ Updating existing match → ID: 15cff134-f203-57e9-872f-2df9c93481c2
[2025-08-21 16:27:49,586] INFO - libraries.qdrant_client: ✅ Upserted match ID 92585 to 'match_stats'
[2025-08-21 16:27:49,750] INFO - libraries.qdrant_client: 🆕 Adding new match → ID: 0e4e97a6-1760-5ccf-9b3c-c1ac6b76c0d8
[2025-08-21 16:27:49,996] INFO - libraries.qdrant_client: ✅ Upserted match ID 92275 to 'match_stats'
[2025-08-21 16:27:50,160] INFO - libraries.qdrant_client: 🆕 Adding new match → ID: 91f9819b-2e0a-58d0-8c95-d742c6223bd5
[2025-08-21 16:27:50,421] INFO - libraries.qdrant_client: ✅ Upserted match ID 91992 to 'match_stats'
[2025-08-21 16:27:50,586] INFO - libraries.qdrant_client: ♻️ Updating existing match → ID: b311dc65-2282-5e24-87df-34ece815991a
[2025-08-21 16:27:50,817] INFO - libraries.qdrant_client: ✅ Upserted match ID 91918 to 'match_stats'
[2025-08-21 16:27:50,987] INFO - libraries.qdrant_client: 🆕 Adding new match → ID: 2e848e89-da4c-5d5d-a15c-a063e51d657c
[2025-08-21 16:27:51,321] INFO - libraries.qdrant_client: ✅ Upserted match ID 91993 to 'match_stats'
[2025-08-21 16:27:51,488] INFO - libraries.qdrant_client: 🆕 Adding new match → ID: c3bab9bd-7a03-5719-88f7-095df66772c8
[2025-08-21 16:27:51,716] INFO - libraries.qdrant_client: ✅ Upserted match ID 88314 to 'match_stats'
[2025-08-21 16:27:51,880] INFO - libraries.qdrant_client: 🆕 Adding new match → ID: 8697e002-ca93-5e8e-8ad1-17e7a8846372
[2025-08-21 16:27:52,109] INFO - libraries.qdrant_client: ✅ Upserted match ID 88346 to 'match_stats'
[2025-08-21 16:27:52,277] INFO - libraries.qdrant_client: ♻️ Updating existing match → ID: d344b718-6359-5ed3-9c80-332a5325643e
[2025-08-21 16:27:52,502] INFO - libraries.qdrant_client: ✅ Upserted match ID 90028 to 'match_stats'
[2025-08-21 16:27:52,663] INFO - libraries.qdrant_client: 🆕 Adding new match → ID: b3bde11e-37cf-581f-9ff5-2482f01b47c1
[2025-08-21 16:27:52,889] INFO - libraries.qdrant_client: ✅ Upserted match ID 91919 to 'match_stats'
[2025-08-21 16:27:53,052] INFO - libraries.qdrant_client: 🆕 Adding new match → ID: b6d71ae3-c219-5dc8-9403-77dcfa659a6e
[2025-08-21 16:27:53,368] INFO - libraries.qdrant_client: ✅ Upserted match ID 88315 to 'match_stats'
[2025-08-21 16:27:53,532] INFO - libraries.qdrant_client: 🆕 Adding new match → ID: c0ba6a0b-dd23-5852-a3ac-f56b69c7eca9
[2025-08-21 16:27:53,764] INFO - libraries.qdrant_client: ✅ Upserted match ID 88316 to 'match_stats'
[2025-08-21 16:27:53,928] INFO - libraries.qdrant_client: 🆕 Adding new match → ID: 725abb11-52c7-58e7-94ab-25897db509f4
[2025-08-21 16:27:54,151] INFO - libraries.qdrant_client: ✅ Upserted match ID 88347 to 'match_stats'
[2025-08-21 16:27:54,315] INFO - libraries.qdrant_client: 🆕 Adding new match → ID: 0bf64fbe-6c3f-53a1-8f61-299eb0ab6e12
[2025-08-21 16:27:54,543] INFO - libraries.qdrant_client: ✅ Upserted match ID 91920 to 'match_stats'
[2025-08-21 16:27:54,705] INFO - libraries.qdrant_client: 🆕 Adding new match → ID: 04a40b04-62a3-5993-aa7f-65cf7b668f2b
[2025-08-21 16:27:54,941] INFO - libraries.qdrant_client: ✅ Upserted match ID 88348 to 'match_stats'
[2025-08-21 16:27:55,117] INFO - libraries.qdrant_client: 🆕 Adding new match → ID: 38b00ab7-c434-5e22-b2c7-610ca0cb6ca9
[2025-08-21 16:27:55,349] INFO - libraries.qdrant_client: ✅ Upserted match ID 90029 to 'match_stats'
[2025-08-21 16:27:55,509] INFO - libraries.qdrant_client: 🆕 Adding new match → ID: bf7b0a97-9acd-50bd-80b9-34cb2b3a0ef5
[2025-08-21 16:27:55,739] INFO - libraries.qdrant_client: ✅ Upserted match ID 90030 to 'match_stats'
[2025-08-21 16:27:55,739] INFO - controllers.cron_controller: ✅ Upcoming matches embeding successfully at 2025-08-21 16:27:55
[2025-08-21 16:28:19,669] WARNING - libraries.qdrant_client: ⚠️ Could not fetch existing collection info: 2 validation errors for ParsingModel[InlineResponse2005] (for parse_as_type)
obj -> result -> vectors_count
  field required (type=value_error.missing)
obj -> result -> config -> optimizer_config -> max_optimization_threads
  none is not an allowed value (type=type_error.none.not_allowed)
[2025-08-21 16:28:19,858] INFO - libraries.qdrant_client: 📚 Created payload index: text
[2025-08-21 16:28:20,020] INFO - libraries.qdrant_client: ♻️ Updating existing match → ID: 7899f4c4-088d-5a7f-ba85-6c6db8eeb6bc
[2025-08-21 16:28:20,391] INFO - libraries.qdrant_client: ✅ Upserted match ID 92710 to 'match_details'
[2025-08-21 16:28:20,551] INFO - libraries.qdrant_client: ♻️ Updating existing match → ID: 265afa5e-20a8-5da4-8282-5a455610aff9
[2025-08-21 16:28:20,787] INFO - libraries.qdrant_client: ✅ Upserted match ID 92640 to 'match_details'
[2025-08-21 16:28:20,948] INFO - libraries.qdrant_client: ♻️ Updating existing match → ID: b6fe1b04-4b2f-5175-b7a1-e539759469eb
[2025-08-21 16:28:21,179] INFO - libraries.qdrant_client: ✅ Upserted match ID 92561 to 'match_details'
[2025-08-21 16:28:21,341] INFO - libraries.qdrant_client: ♻️ Updating existing match → ID: 46511d49-ca77-5b32-92a7-de2925f04888
[2025-08-21 16:28:21,575] INFO - libraries.qdrant_client: ✅ Upserted match ID 92706 to 'match_details'
[2025-08-21 16:28:21,737] INFO - libraries.qdrant_client: ♻️ Updating existing match → ID: 05429356-98ba-5d97-9b03-54d37c2ebed9
[2025-08-21 16:28:21,967] INFO - libraries.qdrant_client: ✅ Upserted match ID 92641 to 'match_details'
[2025-08-21 16:28:22,128] INFO - libraries.qdrant_client: ♻️ Updating existing match → ID: d34ff929-3294-50c6-8cc2-3416b6679e2a
[2025-08-21 16:28:22,360] INFO - libraries.qdrant_client: ✅ Upserted match ID 91917 to 'match_details'
[2025-08-21 16:28:22,533] INFO - libraries.qdrant_client: ♻️ Updating existing match → ID: 0bfdfffe-9023-5ef6-9cbb-d965806388dd
[2025-08-21 16:28:22,763] INFO - libraries.qdrant_client: ✅ Upserted match ID 91991 to 'match_details'
[2025-08-21 16:28:22,927] INFO - libraries.qdrant_client: ♻️ Updating existing match → ID: d1c1f7f4-52d5-5a06-8e82-2c0fc3dc238f
[2025-08-21 16:28:23,168] INFO - libraries.qdrant_client: ✅ Upserted match ID 88313 to 'match_details'
[2025-08-21 16:28:23,341] INFO - libraries.qdrant_client: ♻️ Updating existing match → ID: f1ebe813-9b3d-5e3b-bd3c-5747c4e1aee9
[2025-08-21 16:28:23,578] INFO - libraries.qdrant_client: ✅ Upserted match ID 92274 to 'match_details'
[2025-08-21 16:28:23,740] INFO - libraries.qdrant_client: ♻️ Updating existing match → ID: f320d2a4-fdcc-5928-b9c7-244436e4d75d
[2025-08-21 16:28:23,977] INFO - libraries.qdrant_client: ✅ Upserted match ID 92642 to 'match_details'
[2025-08-21 16:28:24,141] INFO - libraries.qdrant_client: ♻️ Updating existing match → ID: 03af429e-9645-51cb-9f0b-e6fff2fdac23
[2025-08-21 16:28:24,422] INFO - libraries.qdrant_client: ✅ Upserted match ID 92562 to 'match_details'
[2025-08-21 16:28:24,590] INFO - libraries.qdrant_client: ♻️ Updating existing match → ID: 1180728b-b545-5d96-a32f-c6705e852875
[2025-08-21 16:28:24,838] INFO - libraries.qdrant_client: ✅ Upserted match ID 92482 to 'match_details'
[2025-08-21 16:28:25,001] INFO - libraries.qdrant_client: ♻️ Updating existing match → ID: d371c363-09a4-551f-8149-189a56455235
[2025-08-21 16:28:25,287] INFO - libraries.qdrant_client: ✅ Upserted match ID 88345 to 'match_details'
[2025-08-21 16:28:25,450] INFO - libraries.qdrant_client: ♻️ Updating existing match → ID: 9393d800-1c43-59b8-8bf4-36c13f1f5715
[2025-08-21 16:28:25,705] INFO - libraries.qdrant_client: ✅ Upserted match ID 92483 to 'match_details'
[2025-08-21 16:28:25,867] INFO - libraries.qdrant_client: ♻️ Updating existing match → ID: 11bb563c-01e9-5210-855c-7bca7daa3b94
[2025-08-21 16:28:26,105] INFO - libraries.qdrant_client: ✅ Upserted match ID 90027 to 'match_details'
[2025-08-21 16:28:26,268] INFO - libraries.qdrant_client: ♻️ Updating existing match → ID: 3fefa8c6-3a6d-5b26-8924-2dd6e853db64
[2025-08-21 16:28:26,689] INFO - libraries.qdrant_client: ✅ Upserted match ID 92516 to 'match_details'
[2025-08-21 16:28:26,851] INFO - libraries.qdrant_client: ♻️ Updating existing match → ID: 5e9e5f68-68ed-59c5-986d-631a0af8212e
[2025-08-21 16:28:27,268] INFO - libraries.qdrant_client: ✅ Upserted match ID 92517 to 'match_details'
[2025-08-21 16:28:27,494] INFO - libraries.qdrant_client: ♻️ Updating existing match → ID: 422d42da-a83a-5c70-814e-0348495b1ad5
[2025-08-21 16:28:27,762] INFO - libraries.qdrant_client: ✅ Upserted match ID 90699 to 'match_details'
[2025-08-21 16:28:27,926] INFO - libraries.qdrant_client: ♻️ Updating existing match → ID: 15cff134-f203-57e9-872f-2df9c93481c2
[2025-08-21 16:28:28,164] INFO - libraries.qdrant_client: ✅ Upserted match ID 92585 to 'match_details'
[2025-08-21 16:28:28,353] INFO - libraries.qdrant_client: ♻️ Updating existing match → ID: 0e4e97a6-1760-5ccf-9b3c-c1ac6b76c0d8
[2025-08-21 16:28:28,590] INFO - libraries.qdrant_client: ✅ Upserted match ID 92275 to 'match_details'
[2025-08-21 16:28:28,753] INFO - libraries.qdrant_client: ♻️ Updating existing match → ID: 91f9819b-2e0a-58d0-8c95-d742c6223bd5
[2025-08-21 16:28:29,036] INFO - libraries.qdrant_client: ✅ Upserted match ID 91992 to 'match_details'
[2025-08-21 16:28:29,199] INFO - libraries.qdrant_client: ♻️ Updating existing match → ID: b311dc65-2282-5e24-87df-34ece815991a
[2025-08-21 16:28:29,448] INFO - libraries.qdrant_client: ✅ Upserted match ID 91918 to 'match_details'
[2025-08-21 16:28:29,609] INFO - libraries.qdrant_client: ♻️ Updating existing match → ID: 2e848e89-da4c-5d5d-a15c-a063e51d657c
[2025-08-21 16:28:30,172] INFO - libraries.qdrant_client: ✅ Upserted match ID 91993 to 'match_details'
[2025-08-21 16:28:30,333] INFO - libraries.qdrant_client: ♻️ Updating existing match → ID: c3bab9bd-7a03-5719-88f7-095df66772c8
[2025-08-21 16:28:30,561] INFO - libraries.qdrant_client: ✅ Upserted match ID 88314 to 'match_details'
[2025-08-21 16:28:30,723] INFO - libraries.qdrant_client: ♻️ Updating existing match → ID: 8697e002-ca93-5e8e-8ad1-17e7a8846372
[2025-08-21 16:28:30,954] INFO - libraries.qdrant_client: ✅ Upserted match ID 88346 to 'match_details'
[2025-08-21 16:28:31,115] INFO - libraries.qdrant_client: ♻️ Updating existing match → ID: d344b718-6359-5ed3-9c80-332a5325643e
[2025-08-21 16:28:31,338] INFO - libraries.qdrant_client: ✅ Upserted match ID 90028 to 'match_details'
[2025-08-21 16:28:31,500] INFO - libraries.qdrant_client: ♻️ Updating existing match → ID: b3bde11e-37cf-581f-9ff5-2482f01b47c1
[2025-08-21 16:28:31,723] INFO - libraries.qdrant_client: ✅ Upserted match ID 91919 to 'match_details'
[2025-08-21 16:28:31,894] INFO - libraries.qdrant_client: ♻️ Updating existing match → ID: b6d71ae3-c219-5dc8-9403-77dcfa659a6e
[2025-08-21 16:28:32,119] INFO - libraries.qdrant_client: ✅ Upserted match ID 88315 to 'match_details'
[2025-08-21 16:28:32,287] INFO - libraries.qdrant_client: ♻️ Updating existing match → ID: c0ba6a0b-dd23-5852-a3ac-f56b69c7eca9
[2025-08-21 16:28:32,985] INFO - libraries.qdrant_client: ✅ Upserted match ID 88316 to 'match_details'
[2025-08-21 16:28:33,148] INFO - libraries.qdrant_client: ♻️ Updating existing match → ID: 725abb11-52c7-58e7-94ab-25897db509f4
[2025-08-21 16:28:33,385] INFO - libraries.qdrant_client: ✅ Upserted match ID 88347 to 'match_details'
[2025-08-21 16:28:33,555] INFO - libraries.qdrant_client: ♻️ Updating existing match → ID: 0bf64fbe-6c3f-53a1-8f61-299eb0ab6e12
[2025-08-21 16:28:33,780] INFO - libraries.qdrant_client: ✅ Upserted match ID 91920 to 'match_details'
[2025-08-21 16:28:33,941] INFO - libraries.qdrant_client: ♻️ Updating existing match → ID: 04a40b04-62a3-5993-aa7f-65cf7b668f2b
[2025-08-21 16:28:34,169] INFO - libraries.qdrant_client: ✅ Upserted match ID 88348 to 'match_details'
[2025-08-21 16:28:34,332] INFO - libraries.qdrant_client: ♻️ Updating existing match → ID: 38b00ab7-c434-5e22-b2c7-610ca0cb6ca9
[2025-08-21 16:28:34,594] INFO - libraries.qdrant_client: ✅ Upserted match ID 90029 to 'match_details'
[2025-08-21 16:28:34,755] INFO - libraries.qdrant_client: ♻️ Updating existing match → ID: bf7b0a97-9acd-50bd-80b9-34cb2b3a0ef5
[2025-08-21 16:28:34,981] INFO - libraries.qdrant_client: ✅ Upserted match ID 90030 to 'match_details'
[2025-08-21 16:28:42,164] WARNING - libraries.qdrant_client: ⚠️ Could not fetch existing collection info: 2 validation errors for ParsingModel[InlineResponse2005] (for parse_as_type)
obj -> result -> vectors_count
  field required (type=value_error.missing)
obj -> result -> config -> optimizer_config -> max_optimization_threads
  none is not an allowed value (type=type_error.none.not_allowed)
[2025-08-21 16:28:42,356] INFO - libraries.qdrant_client: 📚 Created payload index: text
[2025-08-21 16:28:42,527] INFO - libraries.qdrant_client: ♻️ Updating existing match → ID: 7899f4c4-088d-5a7f-ba85-6c6db8eeb6bc
[2025-08-21 16:28:42,760] INFO - libraries.qdrant_client: ✅ Upserted match ID 92710 to 'match_stats'
[2025-08-21 16:28:42,927] INFO - libraries.qdrant_client: ♻️ Updating existing match → ID: 265afa5e-20a8-5da4-8282-5a455610aff9
[2025-08-21 16:28:43,169] INFO - libraries.qdrant_client: ✅ Upserted match ID 92640 to 'match_stats'
[2025-08-21 16:28:43,342] INFO - libraries.qdrant_client: ♻️ Updating existing match → ID: b6fe1b04-4b2f-5175-b7a1-e539759469eb
[2025-08-21 16:28:43,562] INFO - libraries.qdrant_client: ✅ Upserted match ID 92561 to 'match_stats'
[2025-08-21 16:28:43,732] INFO - libraries.qdrant_client: ♻️ Updating existing match → ID: 46511d49-ca77-5b32-92a7-de2925f04888
[2025-08-21 16:28:43,966] INFO - libraries.qdrant_client: ✅ Upserted match ID 92706 to 'match_stats'
[2025-08-21 16:28:44,137] INFO - libraries.qdrant_client: ♻️ Updating existing match → ID: 05429356-98ba-5d97-9b03-54d37c2ebed9
[2025-08-21 16:28:44,367] INFO - libraries.qdrant_client: ✅ Upserted match ID 92641 to 'match_stats'
[2025-08-21 16:28:44,538] INFO - libraries.qdrant_client: ♻️ Updating existing match → ID: d34ff929-3294-50c6-8cc2-3416b6679e2a
[2025-08-21 16:28:44,769] INFO - libraries.qdrant_client: ✅ Upserted match ID 91917 to 'match_stats'
[2025-08-21 16:28:44,942] INFO - libraries.qdrant_client: ♻️ Updating existing match → ID: 0bfdfffe-9023-5ef6-9cbb-d965806388dd
[2025-08-21 16:28:45,184] INFO - libraries.qdrant_client: ✅ Upserted match ID 91991 to 'match_stats'
[2025-08-21 16:28:45,354] INFO - libraries.qdrant_client: ♻️ Updating existing match → ID: d1c1f7f4-52d5-5a06-8e82-2c0fc3dc238f
[2025-08-21 16:28:45,592] INFO - libraries.qdrant_client: ✅ Upserted match ID 88313 to 'match_stats'
[2025-08-21 16:28:45,759] INFO - libraries.qdrant_client: ♻️ Updating existing match → ID: f1ebe813-9b3d-5e3b-bd3c-5747c4e1aee9
[2025-08-21 16:28:45,994] INFO - libraries.qdrant_client: ✅ Upserted match ID 92274 to 'match_stats'
[2025-08-21 16:28:46,159] INFO - libraries.qdrant_client: ♻️ Updating existing match → ID: f320d2a4-fdcc-5928-b9c7-244436e4d75d
[2025-08-21 16:28:46,389] INFO - libraries.qdrant_client: ✅ Upserted match ID 92642 to 'match_stats'
[2025-08-21 16:28:46,559] INFO - libraries.qdrant_client: ♻️ Updating existing match → ID: 03af429e-9645-51cb-9f0b-e6fff2fdac23
[2025-08-21 16:28:46,810] INFO - libraries.qdrant_client: ✅ Upserted match ID 92562 to 'match_stats'
[2025-08-21 16:28:46,982] INFO - libraries.qdrant_client: ♻️ Updating existing match → ID: 1180728b-b545-5d96-a32f-c6705e852875
[2025-08-21 16:28:47,211] INFO - libraries.qdrant_client: ✅ Upserted match ID 92482 to 'match_stats'
[2025-08-21 16:28:47,380] INFO - libraries.qdrant_client: ♻️ Updating existing match → ID: d371c363-09a4-551f-8149-189a56455235
[2025-08-21 16:28:47,614] INFO - libraries.qdrant_client: ✅ Upserted match ID 88345 to 'match_stats'
[2025-08-21 16:28:47,783] INFO - libraries.qdrant_client: ♻️ Updating existing match → ID: 9393d800-1c43-59b8-8bf4-36c13f1f5715
[2025-08-21 16:28:48,013] INFO - libraries.qdrant_client: ✅ Upserted match ID 92483 to 'match_stats'
[2025-08-21 16:28:48,183] INFO - libraries.qdrant_client: ♻️ Updating existing match → ID: 11bb563c-01e9-5210-855c-7bca7daa3b94
[2025-08-21 16:28:48,454] INFO - libraries.qdrant_client: ✅ Upserted match ID 90027 to 'match_stats'
[2025-08-21 16:28:48,625] INFO - libraries.qdrant_client: ♻️ Updating existing match → ID: 3fefa8c6-3a6d-5b26-8924-2dd6e853db64
[2025-08-21 16:28:48,854] INFO - libraries.qdrant_client: ✅ Upserted match ID 92516 to 'match_stats'
[2025-08-21 16:28:49,021] INFO - libraries.qdrant_client: ♻️ Updating existing match → ID: 5e9e5f68-68ed-59c5-986d-631a0af8212e
[2025-08-21 16:28:49,253] INFO - libraries.qdrant_client: ✅ Upserted match ID 92517 to 'match_stats'
[2025-08-21 16:28:49,425] INFO - libraries.qdrant_client: ♻️ Updating existing match → ID: 422d42da-a83a-5c70-814e-0348495b1ad5
[2025-08-21 16:28:49,659] INFO - libraries.qdrant_client: ✅ Upserted match ID 90699 to 'match_stats'
[2025-08-21 16:28:49,825] INFO - libraries.qdrant_client: ♻️ Updating existing match → ID: 15cff134-f203-57e9-872f-2df9c93481c2
[2025-08-21 16:28:50,055] INFO - libraries.qdrant_client: ✅ Upserted match ID 92585 to 'match_stats'
[2025-08-21 16:28:50,223] INFO - libraries.qdrant_client: ♻️ Updating existing match → ID: 0e4e97a6-1760-5ccf-9b3c-c1ac6b76c0d8
[2025-08-21 16:28:50,459] INFO - libraries.qdrant_client: ✅ Upserted match ID 92275 to 'match_stats'
[2025-08-21 16:28:50,628] INFO - libraries.qdrant_client: ♻️ Updating existing match → ID: 91f9819b-2e0a-58d0-8c95-d742c6223bd5
[2025-08-21 16:28:50,938] INFO - libraries.qdrant_client: ✅ Upserted match ID 91992 to 'match_stats'
[2025-08-21 16:28:51,107] INFO - libraries.qdrant_client: ♻️ Updating existing match → ID: b311dc65-2282-5e24-87df-34ece815991a
[2025-08-21 16:28:51,347] INFO - libraries.qdrant_client: ✅ Upserted match ID 91918 to 'match_stats'
[2025-08-21 16:28:51,523] INFO - libraries.qdrant_client: ♻️ Updating existing match → ID: 2e848e89-da4c-5d5d-a15c-a063e51d657c
[2025-08-21 16:28:52,003] INFO - libraries.qdrant_client: ✅ Upserted match ID 91993 to 'match_stats'
[2025-08-21 16:28:52,171] INFO - libraries.qdrant_client: ♻️ Updating existing match → ID: c3bab9bd-7a03-5719-88f7-095df66772c8
[2025-08-21 16:28:52,425] INFO - libraries.qdrant_client: ✅ Upserted match ID 88314 to 'match_stats'
[2025-08-21 16:28:52,597] INFO - libraries.qdrant_client: ♻️ Updating existing match → ID: 8697e002-ca93-5e8e-8ad1-17e7a8846372
[2025-08-21 16:28:52,846] INFO - libraries.qdrant_client: ✅ Upserted match ID 88346 to 'match_stats'
[2025-08-21 16:28:53,024] INFO - libraries.qdrant_client: ♻️ Updating existing match → ID: d344b718-6359-5ed3-9c80-332a5325643e
[2025-08-21 16:28:53,255] INFO - libraries.qdrant_client: ✅ Upserted match ID 90028 to 'match_stats'
[2025-08-21 16:28:53,423] INFO - libraries.qdrant_client: ♻️ Updating existing match → ID: b3bde11e-37cf-581f-9ff5-2482f01b47c1
[2025-08-21 16:28:53,653] INFO - libraries.qdrant_client: ✅ Upserted match ID 91919 to 'match_stats'
[2025-08-21 16:28:53,821] INFO - libraries.qdrant_client: ♻️ Updating existing match → ID: b6d71ae3-c219-5dc8-9403-77dcfa659a6e
[2025-08-21 16:28:54,050] INFO - libraries.qdrant_client: ✅ Upserted match ID 88315 to 'match_stats'
[2025-08-21 16:28:54,229] INFO - libraries.qdrant_client: ♻️ Updating existing match → ID: c0ba6a0b-dd23-5852-a3ac-f56b69c7eca9
[2025-08-21 16:28:54,459] INFO - libraries.qdrant_client: ✅ Upserted match ID 88316 to 'match_stats'
[2025-08-21 16:28:54,628] INFO - libraries.qdrant_client: ♻️ Updating existing match → ID: 725abb11-52c7-58e7-94ab-25897db509f4
[2025-08-21 16:28:54,865] INFO - libraries.qdrant_client: ✅ Upserted match ID 88347 to 'match_stats'
[2025-08-21 16:28:55,033] INFO - libraries.qdrant_client: ♻️ Updating existing match → ID: 0bf64fbe-6c3f-53a1-8f61-299eb0ab6e12
[2025-08-21 16:28:55,266] INFO - libraries.qdrant_client: ✅ Upserted match ID 91920 to 'match_stats'
[2025-08-21 16:28:55,439] INFO - libraries.qdrant_client: ♻️ Updating existing match → ID: 04a40b04-62a3-5993-aa7f-65cf7b668f2b
[2025-08-21 16:28:55,672] INFO - libraries.qdrant_client: ✅ Upserted match ID 88348 to 'match_stats'
[2025-08-21 16:28:55,841] INFO - libraries.qdrant_client: ♻️ Updating existing match → ID: 38b00ab7-c434-5e22-b2c7-610ca0cb6ca9
[2025-08-21 16:28:56,081] INFO - libraries.qdrant_client: ✅ Upserted match ID 90029 to 'match_stats'
[2025-08-21 16:28:56,249] INFO - libraries.qdrant_client: ♻️ Updating existing match → ID: bf7b0a97-9acd-50bd-80b9-34cb2b3a0ef5
[2025-08-21 16:28:56,499] INFO - libraries.qdrant_client: ✅ Upserted match ID 90030 to 'match_stats'
[2025-08-21 16:28:56,499] INFO - controllers.cron_controller: ✅ Upcoming matches embeding successfully at 2025-08-21 16:28:56
[2025-08-21 16:29:23,119] INFO - models.cron_model: Connected to MongoDB database (mongo_db).
[2025-08-21 16:29:23,204] INFO - models.admin_model: Connected to MongoDB database (mongo_db).
[2025-08-21 16:34:14,564] INFO - models.cron_model: Connected to MongoDB database (mongo_db).
[2025-08-21 16:34:14,649] INFO - models.admin_model: Connected to MongoDB database (mongo_db).
[2025-08-21 16:34:54,878] INFO - models.cron_model: Connected to MongoDB database (mongo_db).
[2025-08-21 16:34:54,953] INFO - models.admin_model: Connected to MongoDB database (mongo_db).
[2025-08-21 16:35:45,245] INFO - models.cron_model: Connected to MongoDB database (mongo_db).
[2025-08-21 16:35:45,349] INFO - models.admin_model: Connected to MongoDB database (mongo_db).
[2025-08-21 16:39:20,749] INFO - models.cron_model: Connected to MongoDB database (mongo_db).
[2025-08-21 16:39:20,832] INFO - models.admin_model: Connected to MongoDB database (mongo_db).
[2025-08-21 16:40:07,240] INFO - models.cron_model: Connected to MongoDB database (mongo_db).
[2025-08-21 16:40:07,321] INFO - models.admin_model: Connected to MongoDB database (mongo_db).
[2025-08-21 16:41:19,831] INFO - models.cron_model: Connected to MongoDB database (mongo_db).
[2025-08-21 16:41:19,902] INFO - models.admin_model: Connected to MongoDB database (mongo_db).
[2025-08-21 16:43:26,181] INFO - models.cron_model: Connected to MongoDB database (mongo_db).
[2025-08-21 16:43:26,194] INFO - models.admin_model: Connected to MongoDB database (mongo_db).
[2025-08-21 16:43:27,801] INFO - models.cron_model: Connected to MongoDB database (mongo_db).
[2025-08-21 16:43:27,882] INFO - models.admin_model: Connected to MongoDB database (mongo_db).
[2025-08-21 16:49:07,085] INFO - models.cron_model: Connected to MongoDB database (mongo_db).
[2025-08-21 16:49:07,176] INFO - models.admin_model: Connected to MongoDB database (mongo_db).
[2025-08-21 16:52:07,315] INFO - models.cron_model: Connected to MongoDB database (mongo_db).
[2025-08-21 16:52:07,327] INFO - models.admin_model: Connected to MongoDB database (mongo_db).
[2025-08-21 16:52:08,618] INFO - models.cron_model: Connected to MongoDB database (mongo_db).
[2025-08-21 16:52:08,706] INFO - models.admin_model: Connected to MongoDB database (mongo_db).
[2025-08-21 16:52:21,025] INFO - libraries.qdrant_client: 🆕 Created Qdrant collection: match_details
[2025-08-21 16:52:21,273] INFO - libraries.qdrant_client: 📚 Created payload index: match_details.text (TEXT)
[2025-08-21 16:52:21,439] INFO - libraries.qdrant_client: 🆕 Adding new match → ID: b6fe1b04-4b2f-5175-b7a1-e539759469eb
[2025-08-21 16:52:21,840] INFO - libraries.qdrant_client: ✅ Upserted match ID 92561 to 'match_details'
[2025-08-21 16:52:22,001] INFO - libraries.qdrant_client: 🆕 Adding new match → ID: 46511d49-ca77-5b32-92a7-de2925f04888
[2025-08-21 16:52:22,249] INFO - libraries.qdrant_client: ✅ Upserted match ID 92706 to 'match_details'
[2025-08-21 16:52:22,409] INFO - libraries.qdrant_client: 🆕 Adding new match → ID: 05429356-98ba-5d97-9b03-54d37c2ebed9
[2025-08-21 16:52:22,638] INFO - libraries.qdrant_client: ✅ Upserted match ID 92641 to 'match_details'
[2025-08-21 16:52:22,800] INFO - libraries.qdrant_client: 🆕 Adding new match → ID: d34ff929-3294-50c6-8cc2-3416b6679e2a
[2025-08-21 16:52:23,041] INFO - libraries.qdrant_client: ✅ Upserted match ID 91917 to 'match_details'
[2025-08-21 16:52:23,202] INFO - libraries.qdrant_client: 🆕 Adding new match → ID: 0bfdfffe-9023-5ef6-9cbb-d965806388dd
[2025-08-21 16:52:23,420] INFO - libraries.qdrant_client: ✅ Upserted match ID 91991 to 'match_details'
[2025-08-21 16:52:23,582] INFO - libraries.qdrant_client: 🆕 Adding new match → ID: d1c1f7f4-52d5-5a06-8e82-2c0fc3dc238f
[2025-08-21 16:52:23,809] INFO - libraries.qdrant_client: ✅ Upserted match ID 88313 to 'match_details'
[2025-08-21 16:52:23,998] INFO - libraries.qdrant_client: 🆕 Adding new match → ID: f1ebe813-9b3d-5e3b-bd3c-5747c4e1aee9
[2025-08-21 16:52:24,249] INFO - libraries.qdrant_client: ✅ Upserted match ID 92274 to 'match_details'
[2025-08-21 16:52:24,411] INFO - libraries.qdrant_client: 🆕 Adding new match → ID: f320d2a4-fdcc-5928-b9c7-244436e4d75d
[2025-08-21 16:52:24,649] INFO - libraries.qdrant_client: ✅ Upserted match ID 92642 to 'match_details'
[2025-08-21 16:52:24,810] INFO - libraries.qdrant_client: 🆕 Adding new match → ID: 03af429e-9645-51cb-9f0b-e6fff2fdac23
[2025-08-21 16:52:25,037] INFO - libraries.qdrant_client: ✅ Upserted match ID 92562 to 'match_details'
[2025-08-21 16:52:25,205] INFO - libraries.qdrant_client: 🆕 Adding new match → ID: 1180728b-b545-5d96-a32f-c6705e852875
[2025-08-21 16:52:25,435] INFO - libraries.qdrant_client: ✅ Upserted match ID 92482 to 'match_details'
[2025-08-21 16:52:25,598] INFO - libraries.qdrant_client: 🆕 Adding new match → ID: d371c363-09a4-551f-8149-189a56455235
[2025-08-21 16:52:25,827] INFO - libraries.qdrant_client: ✅ Upserted match ID 88345 to 'match_details'
[2025-08-21 16:52:25,988] INFO - libraries.qdrant_client: 🆕 Adding new match → ID: 9393d800-1c43-59b8-8bf4-36c13f1f5715
[2025-08-21 16:52:26,221] INFO - libraries.qdrant_client: ✅ Upserted match ID 92483 to 'match_details'
[2025-08-21 16:52:26,383] INFO - libraries.qdrant_client: 🆕 Adding new match → ID: 11bb563c-01e9-5210-855c-7bca7daa3b94
[2025-08-21 16:52:26,615] INFO - libraries.qdrant_client: ✅ Upserted match ID 90027 to 'match_details'
[2025-08-21 16:52:26,780] INFO - libraries.qdrant_client: 🆕 Adding new match → ID: 3fefa8c6-3a6d-5b26-8924-2dd6e853db64
[2025-08-21 16:52:27,021] INFO - libraries.qdrant_client: ✅ Upserted match ID 92516 to 'match_details'
[2025-08-21 16:52:27,182] INFO - libraries.qdrant_client: 🆕 Adding new match → ID: 5e9e5f68-68ed-59c5-986d-631a0af8212e
[2025-08-21 16:52:27,426] INFO - libraries.qdrant_client: ✅ Upserted match ID 92517 to 'match_details'
[2025-08-21 16:52:27,587] INFO - libraries.qdrant_client: 🆕 Adding new match → ID: 422d42da-a83a-5c70-814e-0348495b1ad5
[2025-08-21 16:52:27,862] INFO - libraries.qdrant_client: ✅ Upserted match ID 90699 to 'match_details'
[2025-08-21 16:52:28,023] INFO - libraries.qdrant_client: 🆕 Adding new match → ID: 15cff134-f203-57e9-872f-2df9c93481c2
[2025-08-21 16:52:28,263] INFO - libraries.qdrant_client: ✅ Upserted match ID 92585 to 'match_details'
[2025-08-21 16:52:28,433] INFO - libraries.qdrant_client: 🆕 Adding new match → ID: 0e4e97a6-1760-5ccf-9b3c-c1ac6b76c0d8
[2025-08-21 16:52:28,665] INFO - libraries.qdrant_client: ✅ Upserted match ID 92275 to 'match_details'
[2025-08-21 16:52:28,850] INFO - libraries.qdrant_client: 🆕 Adding new match → ID: 91f9819b-2e0a-58d0-8c95-d742c6223bd5
[2025-08-21 16:52:29,089] INFO - libraries.qdrant_client: ✅ Upserted match ID 91992 to 'match_details'
[2025-08-21 16:52:29,250] INFO - libraries.qdrant_client: 🆕 Adding new match → ID: b311dc65-2282-5e24-87df-34ece815991a
[2025-08-21 16:52:29,494] INFO - libraries.qdrant_client: ✅ Upserted match ID 91918 to 'match_details'
[2025-08-21 16:52:29,662] INFO - libraries.qdrant_client: 🆕 Adding new match → ID: 2e848e89-da4c-5d5d-a15c-a063e51d657c
[2025-08-21 16:52:29,896] INFO - libraries.qdrant_client: ✅ Upserted match ID 91993 to 'match_details'
[2025-08-21 16:52:30,056] INFO - libraries.qdrant_client: 🆕 Adding new match → ID: c3bab9bd-7a03-5719-88f7-095df66772c8
[2025-08-21 16:52:30,289] INFO - libraries.qdrant_client: ✅ Upserted match ID 88314 to 'match_details'
[2025-08-21 16:52:30,450] INFO - libraries.qdrant_client: 🆕 Adding new match → ID: 8697e002-ca93-5e8e-8ad1-17e7a8846372
[2025-08-21 16:52:30,673] INFO - libraries.qdrant_client: ✅ Upserted match ID 88346 to 'match_details'
[2025-08-21 16:52:30,834] INFO - libraries.qdrant_client: 🆕 Adding new match → ID: d344b718-6359-5ed3-9c80-332a5325643e
[2025-08-21 16:52:31,063] INFO - libraries.qdrant_client: ✅ Upserted match ID 90028 to 'match_details'
[2025-08-21 16:52:31,222] INFO - libraries.qdrant_client: 🆕 Adding new match → ID: b3bde11e-37cf-581f-9ff5-2482f01b47c1
[2025-08-21 16:52:31,466] INFO - libraries.qdrant_client: ✅ Upserted match ID 91919 to 'match_details'
[2025-08-21 16:52:31,627] INFO - libraries.qdrant_client: 🆕 Adding new match → ID: b6d71ae3-c219-5dc8-9403-77dcfa659a6e
[2025-08-21 16:52:31,860] INFO - libraries.qdrant_client: ✅ Upserted match ID 88315 to 'match_details'
[2025-08-21 16:52:32,022] INFO - libraries.qdrant_client: 🆕 Adding new match → ID: c0ba6a0b-dd23-5852-a3ac-f56b69c7eca9
[2025-08-21 16:52:32,259] INFO - libraries.qdrant_client: ✅ Upserted match ID 88316 to 'match_details'
[2025-08-21 16:52:32,421] INFO - libraries.qdrant_client: 🆕 Adding new match → ID: 725abb11-52c7-58e7-94ab-25897db509f4
[2025-08-21 16:52:32,656] INFO - libraries.qdrant_client: ✅ Upserted match ID 88347 to 'match_details'
[2025-08-21 16:52:32,818] INFO - libraries.qdrant_client: 🆕 Adding new match → ID: 0bf64fbe-6c3f-53a1-8f61-299eb0ab6e12
[2025-08-21 16:52:33,045] INFO - libraries.qdrant_client: ✅ Upserted match ID 91920 to 'match_details'
[2025-08-21 16:52:33,212] INFO - libraries.qdrant_client: 🆕 Adding new match → ID: 04a40b04-62a3-5993-aa7f-65cf7b668f2b
[2025-08-21 16:52:33,444] INFO - libraries.qdrant_client: ✅ Upserted match ID 88348 to 'match_details'
[2025-08-21 16:52:33,606] INFO - libraries.qdrant_client: 🆕 Adding new match → ID: 38b00ab7-c434-5e22-b2c7-610ca0cb6ca9
[2025-08-21 16:52:33,850] INFO - libraries.qdrant_client: ✅ Upserted match ID 90029 to 'match_details'
[2025-08-21 16:52:34,019] INFO - libraries.qdrant_client: 🆕 Adding new match → ID: bf7b0a97-9acd-50bd-80b9-34cb2b3a0ef5
[2025-08-21 16:52:34,338] INFO - libraries.qdrant_client: ✅ Upserted match ID 90030 to 'match_details'
[2025-08-21 16:52:37,627] INFO - libraries.qdrant_client: 🆕 Created Qdrant collection: match_stats
[2025-08-21 16:52:37,869] INFO - libraries.qdrant_client: 📚 Created payload index: match_stats.text (TEXT)
[2025-08-21 16:52:38,030] INFO - libraries.qdrant_client: 🆕 Adding new match → ID: b6fe1b04-4b2f-5175-b7a1-e539759469eb
[2025-08-21 16:52:38,273] INFO - libraries.qdrant_client: ✅ Upserted match ID 92561 to 'match_stats'
[2025-08-21 16:52:38,433] INFO - libraries.qdrant_client: 🆕 Adding new match → ID: 46511d49-ca77-5b32-92a7-de2925f04888
[2025-08-21 16:52:38,886] INFO - libraries.qdrant_client: ✅ Upserted match ID 92706 to 'match_stats'
[2025-08-21 16:52:39,055] INFO - libraries.qdrant_client: 🆕 Adding new match → ID: 05429356-98ba-5d97-9b03-54d37c2ebed9
[2025-08-21 16:52:39,288] INFO - libraries.qdrant_client: ✅ Upserted match ID 92641 to 'match_stats'
[2025-08-21 16:52:39,449] INFO - libraries.qdrant_client: 🆕 Adding new match → ID: d34ff929-3294-50c6-8cc2-3416b6679e2a
[2025-08-21 16:52:39,685] INFO - libraries.qdrant_client: ✅ Upserted match ID 91917 to 'match_stats'
[2025-08-21 16:52:39,842] INFO - libraries.qdrant_client: 🆕 Adding new match → ID: 0bfdfffe-9023-5ef6-9cbb-d965806388dd
[2025-08-21 16:52:40,067] INFO - libraries.qdrant_client: ✅ Upserted match ID 91991 to 'match_stats'
[2025-08-21 16:52:40,227] INFO - libraries.qdrant_client: 🆕 Adding new match → ID: d1c1f7f4-52d5-5a06-8e82-2c0fc3dc238f
[2025-08-21 16:52:40,471] INFO - libraries.qdrant_client: ✅ Upserted match ID 88313 to 'match_stats'
[2025-08-21 16:52:40,633] INFO - libraries.qdrant_client: 🆕 Adding new match → ID: f1ebe813-9b3d-5e3b-bd3c-5747c4e1aee9
[2025-08-21 16:52:40,897] INFO - libraries.qdrant_client: ✅ Upserted match ID 92274 to 'match_stats'
[2025-08-21 16:52:41,066] INFO - libraries.qdrant_client: 🆕 Adding new match → ID: f320d2a4-fdcc-5928-b9c7-244436e4d75d
[2025-08-21 16:52:41,283] INFO - libraries.qdrant_client: ✅ Upserted match ID 92642 to 'match_stats'
[2025-08-21 16:52:41,442] INFO - libraries.qdrant_client: 🆕 Adding new match → ID: 03af429e-9645-51cb-9f0b-e6fff2fdac23
[2025-08-21 16:52:41,671] INFO - libraries.qdrant_client: ✅ Upserted match ID 92562 to 'match_stats'
[2025-08-21 16:52:41,829] INFO - libraries.qdrant_client: 🆕 Adding new match → ID: 1180728b-b545-5d96-a32f-c6705e852875
[2025-08-21 16:52:42,055] INFO - libraries.qdrant_client: ✅ Upserted match ID 92482 to 'match_stats'
[2025-08-21 16:52:42,216] INFO - libraries.qdrant_client: 🆕 Adding new match → ID: d371c363-09a4-551f-8149-189a56455235
[2025-08-21 16:52:42,450] INFO - libraries.qdrant_client: ✅ Upserted match ID 88345 to 'match_stats'
[2025-08-21 16:52:42,612] INFO - libraries.qdrant_client: 🆕 Adding new match → ID: 9393d800-1c43-59b8-8bf4-36c13f1f5715
[2025-08-21 16:52:42,842] INFO - libraries.qdrant_client: ✅ Upserted match ID 92483 to 'match_stats'
[2025-08-21 16:52:43,001] INFO - libraries.qdrant_client: 🆕 Adding new match → ID: 11bb563c-01e9-5210-855c-7bca7daa3b94
[2025-08-21 16:52:43,230] INFO - libraries.qdrant_client: ✅ Upserted match ID 90027 to 'match_stats'
[2025-08-21 16:52:43,388] INFO - libraries.qdrant_client: 🆕 Adding new match → ID: 3fefa8c6-3a6d-5b26-8924-2dd6e853db64
[2025-08-21 16:52:43,611] INFO - libraries.qdrant_client: ✅ Upserted match ID 92516 to 'match_stats'
[2025-08-21 16:52:43,771] INFO - libraries.qdrant_client: 🆕 Adding new match → ID: 5e9e5f68-68ed-59c5-986d-631a0af8212e
[2025-08-21 16:52:44,000] INFO - libraries.qdrant_client: ✅ Upserted match ID 92517 to 'match_stats'
[2025-08-21 16:52:44,170] INFO - libraries.qdrant_client: 🆕 Adding new match → ID: 422d42da-a83a-5c70-814e-0348495b1ad5
[2025-08-21 16:52:44,389] INFO - libraries.qdrant_client: ✅ Upserted match ID 90699 to 'match_stats'
[2025-08-21 16:52:44,548] INFO - libraries.qdrant_client: 🆕 Adding new match → ID: 15cff134-f203-57e9-872f-2df9c93481c2
[2025-08-21 16:52:44,769] INFO - libraries.qdrant_client: ✅ Upserted match ID 92585 to 'match_stats'
[2025-08-21 16:52:44,930] INFO - libraries.qdrant_client: 🆕 Adding new match → ID: 0e4e97a6-1760-5ccf-9b3c-c1ac6b76c0d8
[2025-08-21 16:52:45,184] INFO - libraries.qdrant_client: ✅ Upserted match ID 92275 to 'match_stats'
[2025-08-21 16:52:45,342] INFO - libraries.qdrant_client: 🆕 Adding new match → ID: 91f9819b-2e0a-58d0-8c95-d742c6223bd5
[2025-08-21 16:52:45,568] INFO - libraries.qdrant_client: ✅ Upserted match ID 91992 to 'match_stats'
[2025-08-21 16:52:45,729] INFO - libraries.qdrant_client: 🆕 Adding new match → ID: b311dc65-2282-5e24-87df-34ece815991a
[2025-08-21 16:52:45,967] INFO - libraries.qdrant_client: ✅ Upserted match ID 91918 to 'match_stats'
[2025-08-21 16:52:46,129] INFO - libraries.qdrant_client: 🆕 Adding new match → ID: 2e848e89-da4c-5d5d-a15c-a063e51d657c
[2025-08-21 16:52:46,355] INFO - libraries.qdrant_client: ✅ Upserted match ID 91993 to 'match_stats'
[2025-08-21 16:52:46,517] INFO - libraries.qdrant_client: 🆕 Adding new match → ID: c3bab9bd-7a03-5719-88f7-095df66772c8
[2025-08-21 16:52:46,756] INFO - libraries.qdrant_client: ✅ Upserted match ID 88314 to 'match_stats'
[2025-08-21 16:52:46,916] INFO - libraries.qdrant_client: 🆕 Adding new match → ID: 8697e002-ca93-5e8e-8ad1-17e7a8846372
[2025-08-21 16:52:47,153] INFO - libraries.qdrant_client: ✅ Upserted match ID 88346 to 'match_stats'
[2025-08-21 16:52:47,315] INFO - libraries.qdrant_client: 🆕 Adding new match → ID: d344b718-6359-5ed3-9c80-332a5325643e
[2025-08-21 16:52:47,604] INFO - libraries.qdrant_client: ✅ Upserted match ID 90028 to 'match_stats'
[2025-08-21 16:52:47,765] INFO - libraries.qdrant_client: 🆕 Adding new match → ID: b3bde11e-37cf-581f-9ff5-2482f01b47c1
[2025-08-21 16:52:48,012] INFO - libraries.qdrant_client: ✅ Upserted match ID 91919 to 'match_stats'
[2025-08-21 16:52:48,173] INFO - libraries.qdrant_client: 🆕 Adding new match → ID: b6d71ae3-c219-5dc8-9403-77dcfa659a6e
[2025-08-21 16:52:48,406] INFO - libraries.qdrant_client: ✅ Upserted match ID 88315 to 'match_stats'
[2025-08-21 16:52:48,565] INFO - libraries.qdrant_client: 🆕 Adding new match → ID: c0ba6a0b-dd23-5852-a3ac-f56b69c7eca9
[2025-08-21 16:52:48,796] INFO - libraries.qdrant_client: ✅ Upserted match ID 88316 to 'match_stats'
[2025-08-21 16:52:48,957] INFO - libraries.qdrant_client: 🆕 Adding new match → ID: 725abb11-52c7-58e7-94ab-25897db509f4
[2025-08-21 16:52:49,227] INFO - libraries.qdrant_client: ✅ Upserted match ID 88347 to 'match_stats'
[2025-08-21 16:52:49,385] INFO - libraries.qdrant_client: 🆕 Adding new match → ID: 0bf64fbe-6c3f-53a1-8f61-299eb0ab6e12
[2025-08-21 16:52:49,614] INFO - libraries.qdrant_client: ✅ Upserted match ID 91920 to 'match_stats'
[2025-08-21 16:52:49,773] INFO - libraries.qdrant_client: 🆕 Adding new match → ID: 04a40b04-62a3-5993-aa7f-65cf7b668f2b
[2025-08-21 16:52:50,000] INFO - libraries.qdrant_client: ✅ Upserted match ID 88348 to 'match_stats'
[2025-08-21 16:52:50,161] INFO - libraries.qdrant_client: 🆕 Adding new match → ID: 38b00ab7-c434-5e22-b2c7-610ca0cb6ca9
[2025-08-21 16:52:50,393] INFO - libraries.qdrant_client: ✅ Upserted match ID 90029 to 'match_stats'
[2025-08-21 16:52:50,551] INFO - libraries.qdrant_client: 🆕 Adding new match → ID: bf7b0a97-9acd-50bd-80b9-34cb2b3a0ef5
[2025-08-21 16:52:50,774] INFO - libraries.qdrant_client: ✅ Upserted match ID 90030 to 'match_stats'
[2025-08-21 16:52:50,774] INFO - controllers.cron_controller: ✅ Upcoming matches embeding successfully at 2025-08-21 16:52:50
[2025-08-21 16:57:37,614] INFO - models.cron_model: Connected to MongoDB database (mongo_db).
[2025-08-21 16:57:37,625] INFO - models.admin_model: Connected to MongoDB database (mongo_db).
[2025-08-21 16:57:51,588] INFO - models.cron_model: Connected to MongoDB database (mongo_db).
[2025-08-21 16:57:51,660] INFO - models.admin_model: Connected to MongoDB database (mongo_db).
[2025-08-21 16:57:52,952] INFO - models.cron_model: Connected to MongoDB database (mongo_db).
[2025-08-21 16:57:52,962] INFO - models.admin_model: Connected to MongoDB database (mongo_db).
[2025-08-21 16:58:15,375] INFO - models.cron_model: Connected to MongoDB database (mongo_db).
[2025-08-21 16:58:15,386] INFO - models.admin_model: Connected to MongoDB database (mongo_db).
[2025-08-21 16:58:25,360] INFO - models.cron_model: Connected to MongoDB database (mongo_db).
[2025-08-21 16:58:25,371] INFO - models.admin_model: Connected to MongoDB database (mongo_db).
[2025-08-21 16:58:43,941] INFO - models.cron_model: Connected to MongoDB database (mongo_db).
[2025-08-21 16:58:43,954] INFO - models.admin_model: Connected to MongoDB database (mongo_db).
[2025-08-21 16:58:51,055] INFO - models.cron_model: Connected to MongoDB database (mongo_db).
[2025-08-21 16:58:51,067] INFO - models.admin_model: Connected to MongoDB database (mongo_db).
[2025-08-21 16:59:10,607] INFO - models.cron_model: Connected to MongoDB database (mongo_db).
[2025-08-21 16:59:10,617] INFO - models.admin_model: Connected to MongoDB database (mongo_db).
[2025-08-21 16:59:13,554] INFO - models.cron_model: Connected to MongoDB database (mongo_db).
[2025-08-21 16:59:13,564] INFO - models.admin_model: Connected to MongoDB database (mongo_db).
[2025-08-21 16:59:19,630] INFO - models.cron_model: Connected to MongoDB database (mongo_db).
[2025-08-21 16:59:19,642] INFO - models.admin_model: Connected to MongoDB database (mongo_db).
[2025-08-21 16:59:23,885] INFO - models.cron_model: Connected to MongoDB database (mongo_db).
[2025-08-21 16:59:23,895] INFO - models.admin_model: Connected to MongoDB database (mongo_db).
[2025-08-21 16:59:26,928] INFO - models.cron_model: Connected to MongoDB database (mongo_db).
[2025-08-21 16:59:26,939] INFO - models.admin_model: Connected to MongoDB database (mongo_db).
[2025-08-21 16:59:34,155] INFO - models.cron_model: Connected to MongoDB database (mongo_db).
[2025-08-21 16:59:34,165] INFO - models.admin_model: Connected to MongoDB database (mongo_db).
[2025-08-21 16:59:39,819] INFO - models.cron_model: Connected to MongoDB database (mongo_db).
[2025-08-21 16:59:39,838] INFO - models.admin_model: Connected to MongoDB database (mongo_db).
[2025-08-21 16:59:43,333] INFO - models.cron_model: Connected to MongoDB database (mongo_db).
[2025-08-21 16:59:43,344] INFO - models.admin_model: Connected to MongoDB database (mongo_db).
[2025-08-21 16:59:49,865] INFO - models.cron_model: Connected to MongoDB database (mongo_db).
[2025-08-21 16:59:49,938] INFO - models.admin_model: Connected to MongoDB database (mongo_db).
[2025-08-21 16:59:51,258] INFO - models.cron_model: Connected to MongoDB database (mongo_db).
[2025-08-21 16:59:51,268] INFO - models.admin_model: Connected to MongoDB database (mongo_db).
[2025-08-21 17:00:08,277] INFO - libraries.qdrant_client: 🆕 Created Qdrant collection: match_details (dim=384)
[2025-08-21 17:00:08,517] INFO - libraries.qdrant_client: 📚 Created payload index: match_details.text (TEXT)
[2025-08-21 17:00:08,675] INFO - libraries.qdrant_client: 🆕 Adding new match → ID: b6fe1b04-4b2f-5175-b7a1-e539759469eb
[2025-08-21 17:00:09,053] INFO - libraries.qdrant_client: ✅ Upserted match ID 92561 to 'match_details'
[2025-08-21 17:00:09,213] INFO - libraries.qdrant_client: 🆕 Adding new match → ID: 46511d49-ca77-5b32-92a7-de2925f04888
[2025-08-21 17:00:09,450] INFO - libraries.qdrant_client: ✅ Upserted match ID 92706 to 'match_details'
[2025-08-21 17:00:09,623] INFO - libraries.qdrant_client: 🆕 Adding new match → ID: 05429356-98ba-5d97-9b03-54d37c2ebed9
[2025-08-21 17:00:09,850] INFO - libraries.qdrant_client: ✅ Upserted match ID 92641 to 'match_details'
[2025-08-21 17:00:10,010] INFO - libraries.qdrant_client: 🆕 Adding new match → ID: d34ff929-3294-50c6-8cc2-3416b6679e2a
[2025-08-21 17:00:10,246] INFO - libraries.qdrant_client: ✅ Upserted match ID 91917 to 'match_details'
[2025-08-21 17:00:10,410] INFO - libraries.qdrant_client: 🆕 Adding new match → ID: 0bfdfffe-9023-5ef6-9cbb-d965806388dd
[2025-08-21 17:00:10,649] INFO - libraries.qdrant_client: ✅ Upserted match ID 91991 to 'match_details'
[2025-08-21 17:00:10,809] INFO - libraries.qdrant_client: 🆕 Adding new match → ID: d1c1f7f4-52d5-5a06-8e82-2c0fc3dc238f
[2025-08-21 17:00:11,045] INFO - libraries.qdrant_client: ✅ Upserted match ID 88313 to 'match_details'
[2025-08-21 17:00:11,206] INFO - libraries.qdrant_client: 🆕 Adding new match → ID: f1ebe813-9b3d-5e3b-bd3c-5747c4e1aee9
[2025-08-21 17:00:11,430] INFO - libraries.qdrant_client: ✅ Upserted match ID 92274 to 'match_details'
[2025-08-21 17:00:11,592] INFO - libraries.qdrant_client: 🆕 Adding new match → ID: f320d2a4-fdcc-5928-b9c7-244436e4d75d
[2025-08-21 17:00:11,815] INFO - libraries.qdrant_client: ✅ Upserted match ID 92642 to 'match_details'
[2025-08-21 17:00:11,977] INFO - libraries.qdrant_client: 🆕 Adding new match → ID: 03af429e-9645-51cb-9f0b-e6fff2fdac23
[2025-08-21 17:00:12,198] INFO - libraries.qdrant_client: ✅ Upserted match ID 92562 to 'match_details'
[2025-08-21 17:00:12,358] INFO - libraries.qdrant_client: 🆕 Adding new match → ID: 1180728b-b545-5d96-a32f-c6705e852875
[2025-08-21 17:00:12,590] INFO - libraries.qdrant_client: ✅ Upserted match ID 92482 to 'match_details'
[2025-08-21 17:00:12,748] INFO - libraries.qdrant_client: 🆕 Adding new match → ID: d371c363-09a4-551f-8149-189a56455235
[2025-08-21 17:00:12,980] INFO - libraries.qdrant_client: ✅ Upserted match ID 88345 to 'match_details'
[2025-08-21 17:00:13,138] INFO - libraries.qdrant_client: 🆕 Adding new match → ID: 9393d800-1c43-59b8-8bf4-36c13f1f5715
[2025-08-21 17:00:13,363] INFO - libraries.qdrant_client: ✅ Upserted match ID 92483 to 'match_details'
[2025-08-21 17:00:13,523] INFO - libraries.qdrant_client: 🆕 Adding new match → ID: 11bb563c-01e9-5210-855c-7bca7daa3b94
[2025-08-21 17:00:13,758] INFO - libraries.qdrant_client: ✅ Upserted match ID 90027 to 'match_details'
[2025-08-21 17:00:13,918] INFO - libraries.qdrant_client: 🆕 Adding new match → ID: 3fefa8c6-3a6d-5b26-8924-2dd6e853db64
[2025-08-21 17:00:14,139] INFO - libraries.qdrant_client: ✅ Upserted match ID 92516 to 'match_details'
[2025-08-21 17:00:14,298] INFO - libraries.qdrant_client: 🆕 Adding new match → ID: 5e9e5f68-68ed-59c5-986d-631a0af8212e
[2025-08-21 17:00:14,519] INFO - libraries.qdrant_client: ✅ Upserted match ID 92517 to 'match_details'
[2025-08-21 17:00:14,676] INFO - libraries.qdrant_client: 🆕 Adding new match → ID: 422d42da-a83a-5c70-814e-0348495b1ad5
[2025-08-21 17:00:14,903] INFO - libraries.qdrant_client: ✅ Upserted match ID 90699 to 'match_details'
[2025-08-21 17:00:15,062] INFO - libraries.qdrant_client: 🆕 Adding new match → ID: 15cff134-f203-57e9-872f-2df9c93481c2
[2025-08-21 17:00:15,292] INFO - libraries.qdrant_client: ✅ Upserted match ID 92585 to 'match_details'
[2025-08-21 17:00:15,452] INFO - libraries.qdrant_client: 🆕 Adding new match → ID: 0e4e97a6-1760-5ccf-9b3c-c1ac6b76c0d8
[2025-08-21 17:00:15,682] INFO - libraries.qdrant_client: ✅ Upserted match ID 92275 to 'match_details'
[2025-08-21 17:00:15,842] INFO - libraries.qdrant_client: 🆕 Adding new match → ID: 91f9819b-2e0a-58d0-8c95-d742c6223bd5
[2025-08-21 17:00:16,070] INFO - libraries.qdrant_client: ✅ Upserted match ID 91992 to 'match_details'
[2025-08-21 17:00:16,229] INFO - libraries.qdrant_client: 🆕 Adding new match → ID: b311dc65-2282-5e24-87df-34ece815991a
[2025-08-21 17:00:16,576] INFO - libraries.qdrant_client: ✅ Upserted match ID 91918 to 'match_details'
[2025-08-21 17:00:16,736] INFO - libraries.qdrant_client: 🆕 Adding new match → ID: 2e848e89-da4c-5d5d-a15c-a063e51d657c
[2025-08-21 17:00:16,960] INFO - libraries.qdrant_client: ✅ Upserted match ID 91993 to 'match_details'
[2025-08-21 17:00:17,123] INFO - libraries.qdrant_client: 🆕 Adding new match → ID: c3bab9bd-7a03-5719-88f7-095df66772c8
[2025-08-21 17:00:17,346] INFO - libraries.qdrant_client: ✅ Upserted match ID 88314 to 'match_details'
[2025-08-21 17:00:17,506] INFO - libraries.qdrant_client: 🆕 Adding new match → ID: 8697e002-ca93-5e8e-8ad1-17e7a8846372
[2025-08-21 17:00:17,729] INFO - libraries.qdrant_client: ✅ Upserted match ID 88346 to 'match_details'
[2025-08-21 17:00:17,890] INFO - libraries.qdrant_client: 🆕 Adding new match → ID: d344b718-6359-5ed3-9c80-332a5325643e
[2025-08-21 17:00:18,113] INFO - libraries.qdrant_client: ✅ Upserted match ID 90028 to 'match_details'
[2025-08-21 17:00:18,276] INFO - libraries.qdrant_client: 🆕 Adding new match → ID: b3bde11e-37cf-581f-9ff5-2482f01b47c1
[2025-08-21 17:00:18,502] INFO - libraries.qdrant_client: ✅ Upserted match ID 91919 to 'match_details'
[2025-08-21 17:00:18,675] INFO - libraries.qdrant_client: 🆕 Adding new match → ID: b6d71ae3-c219-5dc8-9403-77dcfa659a6e
[2025-08-21 17:00:18,907] INFO - libraries.qdrant_client: ✅ Upserted match ID 88315 to 'match_details'
[2025-08-21 17:00:19,067] INFO - libraries.qdrant_client: 🆕 Adding new match → ID: c0ba6a0b-dd23-5852-a3ac-f56b69c7eca9
[2025-08-21 17:00:19,293] INFO - libraries.qdrant_client: ✅ Upserted match ID 88316 to 'match_details'
[2025-08-21 17:00:19,451] INFO - libraries.qdrant_client: 🆕 Adding new match → ID: 725abb11-52c7-58e7-94ab-25897db509f4
[2025-08-21 17:00:19,687] INFO - libraries.qdrant_client: ✅ Upserted match ID 88347 to 'match_details'
[2025-08-21 17:00:19,846] INFO - libraries.qdrant_client: 🆕 Adding new match → ID: 0bf64fbe-6c3f-53a1-8f61-299eb0ab6e12
[2025-08-21 17:00:20,081] INFO - libraries.qdrant_client: ✅ Upserted match ID 91920 to 'match_details'
[2025-08-21 17:00:20,241] INFO - libraries.qdrant_client: 🆕 Adding new match → ID: 04a40b04-62a3-5993-aa7f-65cf7b668f2b
[2025-08-21 17:00:20,471] INFO - libraries.qdrant_client: ✅ Upserted match ID 88348 to 'match_details'
[2025-08-21 17:00:20,631] INFO - libraries.qdrant_client: 🆕 Adding new match → ID: 38b00ab7-c434-5e22-b2c7-610ca0cb6ca9
[2025-08-21 17:00:20,867] INFO - libraries.qdrant_client: ✅ Upserted match ID 90029 to 'match_details'
[2025-08-21 17:00:21,025] INFO - libraries.qdrant_client: 🆕 Adding new match → ID: bf7b0a97-9acd-50bd-80b9-34cb2b3a0ef5
[2025-08-21 17:00:21,257] INFO - libraries.qdrant_client: ✅ Upserted match ID 90030 to 'match_details'
[2025-08-21 17:00:24,502] INFO - libraries.qdrant_client: 🆕 Created Qdrant collection: match_stats (dim=384)
[2025-08-21 17:00:24,738] INFO - libraries.qdrant_client: 📚 Created payload index: match_stats.text (TEXT)
[2025-08-21 17:00:24,897] INFO - libraries.qdrant_client: 🆕 Adding new match → ID: b6fe1b04-4b2f-5175-b7a1-e539759469eb
[2025-08-21 17:00:25,112] INFO - libraries.qdrant_client: ✅ Upserted match ID 92561 to 'match_stats'
[2025-08-21 17:00:25,274] INFO - libraries.qdrant_client: 🆕 Adding new match → ID: 46511d49-ca77-5b32-92a7-de2925f04888
[2025-08-21 17:00:25,502] INFO - libraries.qdrant_client: ✅ Upserted match ID 92706 to 'match_stats'
[2025-08-21 17:00:25,665] INFO - libraries.qdrant_client: 🆕 Adding new match → ID: 05429356-98ba-5d97-9b03-54d37c2ebed9
[2025-08-21 17:00:25,890] INFO - libraries.qdrant_client: ✅ Upserted match ID 92641 to 'match_stats'
[2025-08-21 17:00:26,050] INFO - libraries.qdrant_client: 🆕 Adding new match → ID: d34ff929-3294-50c6-8cc2-3416b6679e2a
[2025-08-21 17:00:26,279] INFO - libraries.qdrant_client: ✅ Upserted match ID 91917 to 'match_stats'
[2025-08-21 17:00:26,438] INFO - libraries.qdrant_client: 🆕 Adding new match → ID: 0bfdfffe-9023-5ef6-9cbb-d965806388dd
[2025-08-21 17:00:26,702] INFO - libraries.qdrant_client: ✅ Upserted match ID 91991 to 'match_stats'
[2025-08-21 17:00:26,866] INFO - libraries.qdrant_client: 🆕 Adding new match → ID: d1c1f7f4-52d5-5a06-8e82-2c0fc3dc238f
[2025-08-21 17:00:27,092] INFO - libraries.qdrant_client: ✅ Upserted match ID 88313 to 'match_stats'
[2025-08-21 17:00:27,252] INFO - libraries.qdrant_client: 🆕 Adding new match → ID: f1ebe813-9b3d-5e3b-bd3c-5747c4e1aee9
[2025-08-21 17:00:27,474] INFO - libraries.qdrant_client: ✅ Upserted match ID 92274 to 'match_stats'
[2025-08-21 17:00:27,634] INFO - libraries.qdrant_client: 🆕 Adding new match → ID: f320d2a4-fdcc-5928-b9c7-244436e4d75d
[2025-08-21 17:00:27,858] INFO - libraries.qdrant_client: ✅ Upserted match ID 92642 to 'match_stats'
[2025-08-21 17:00:28,018] INFO - libraries.qdrant_client: 🆕 Adding new match → ID: 03af429e-9645-51cb-9f0b-e6fff2fdac23
[2025-08-21 17:00:28,242] INFO - libraries.qdrant_client: ✅ Upserted match ID 92562 to 'match_stats'
[2025-08-21 17:00:28,404] INFO - libraries.qdrant_client: 🆕 Adding new match → ID: 1180728b-b545-5d96-a32f-c6705e852875
[2025-08-21 17:00:28,637] INFO - libraries.qdrant_client: ✅ Upserted match ID 92482 to 'match_stats'
[2025-08-21 17:00:28,805] INFO - libraries.qdrant_client: 🆕 Adding new match → ID: d371c363-09a4-551f-8149-189a56455235
[2025-08-21 17:00:29,036] INFO - libraries.qdrant_client: ✅ Upserted match ID 88345 to 'match_stats'
[2025-08-21 17:00:29,196] INFO - libraries.qdrant_client: 🆕 Adding new match → ID: 9393d800-1c43-59b8-8bf4-36c13f1f5715
[2025-08-21 17:00:29,429] INFO - libraries.qdrant_client: ✅ Upserted match ID 92483 to 'match_stats'
[2025-08-21 17:00:29,594] INFO - libraries.qdrant_client: 🆕 Adding new match → ID: 11bb563c-01e9-5210-855c-7bca7daa3b94
[2025-08-21 17:00:29,815] INFO - libraries.qdrant_client: ✅ Upserted match ID 90027 to 'match_stats'
[2025-08-21 17:00:29,974] INFO - libraries.qdrant_client: 🆕 Adding new match → ID: 3fefa8c6-3a6d-5b26-8924-2dd6e853db64
[2025-08-21 17:00:30,206] INFO - libraries.qdrant_client: ✅ Upserted match ID 92516 to 'match_stats'
[2025-08-21 17:00:30,365] INFO - libraries.qdrant_client: 🆕 Adding new match → ID: 5e9e5f68-68ed-59c5-986d-631a0af8212e
[2025-08-21 17:00:30,597] INFO - libraries.qdrant_client: ✅ Upserted match ID 92517 to 'match_stats'
[2025-08-21 17:00:30,759] INFO - libraries.qdrant_client: 🆕 Adding new match → ID: 422d42da-a83a-5c70-814e-0348495b1ad5
[2025-08-21 17:00:31,007] INFO - libraries.qdrant_client: ✅ Upserted match ID 90699 to 'match_stats'
[2025-08-21 17:00:31,183] INFO - libraries.qdrant_client: 🆕 Adding new match → ID: 15cff134-f203-57e9-872f-2df9c93481c2
[2025-08-21 17:00:31,424] INFO - libraries.qdrant_client: ✅ Upserted match ID 92585 to 'match_stats'
[2025-08-21 17:00:31,585] INFO - libraries.qdrant_client: 🆕 Adding new match → ID: 0e4e97a6-1760-5ccf-9b3c-c1ac6b76c0d8
[2025-08-21 17:00:31,813] INFO - libraries.qdrant_client: ✅ Upserted match ID 92275 to 'match_stats'
[2025-08-21 17:00:31,973] INFO - libraries.qdrant_client: 🆕 Adding new match → ID: 91f9819b-2e0a-58d0-8c95-d742c6223bd5
[2025-08-21 17:00:32,200] INFO - libraries.qdrant_client: ✅ Upserted match ID 91992 to 'match_stats'
[2025-08-21 17:00:32,361] INFO - libraries.qdrant_client: 🆕 Adding new match → ID: b311dc65-2282-5e24-87df-34ece815991a
[2025-08-21 17:00:32,593] INFO - libraries.qdrant_client: ✅ Upserted match ID 91918 to 'match_stats'
[2025-08-21 17:00:32,757] INFO - libraries.qdrant_client: 🆕 Adding new match → ID: 2e848e89-da4c-5d5d-a15c-a063e51d657c
[2025-08-21 17:00:32,980] INFO - libraries.qdrant_client: ✅ Upserted match ID 91993 to 'match_stats'
[2025-08-21 17:00:33,141] INFO - libraries.qdrant_client: 🆕 Adding new match → ID: c3bab9bd-7a03-5719-88f7-095df66772c8
[2025-08-21 17:00:33,364] INFO - libraries.qdrant_client: ✅ Upserted match ID 88314 to 'match_stats'
[2025-08-21 17:00:33,525] INFO - libraries.qdrant_client: 🆕 Adding new match → ID: 8697e002-ca93-5e8e-8ad1-17e7a8846372
[2025-08-21 17:00:33,740] INFO - libraries.qdrant_client: ✅ Upserted match ID 88346 to 'match_stats'
[2025-08-21 17:00:33,900] INFO - libraries.qdrant_client: 🆕 Adding new match → ID: d344b718-6359-5ed3-9c80-332a5325643e
[2025-08-21 17:00:34,138] INFO - libraries.qdrant_client: ✅ Upserted match ID 90028 to 'match_stats'
[2025-08-21 17:00:34,307] INFO - libraries.qdrant_client: 🆕 Adding new match → ID: b3bde11e-37cf-581f-9ff5-2482f01b47c1
[2025-08-21 17:00:34,542] INFO - libraries.qdrant_client: ✅ Upserted match ID 91919 to 'match_stats'
[2025-08-21 17:00:34,702] INFO - libraries.qdrant_client: 🆕 Adding new match → ID: b6d71ae3-c219-5dc8-9403-77dcfa659a6e
[2025-08-21 17:00:34,927] INFO - libraries.qdrant_client: ✅ Upserted match ID 88315 to 'match_stats'
[2025-08-21 17:00:35,088] INFO - libraries.qdrant_client: 🆕 Adding new match → ID: c0ba6a0b-dd23-5852-a3ac-f56b69c7eca9
[2025-08-21 17:00:35,319] INFO - libraries.qdrant_client: ✅ Upserted match ID 88316 to 'match_stats'
[2025-08-21 17:00:35,486] INFO - libraries.qdrant_client: 🆕 Adding new match → ID: 725abb11-52c7-58e7-94ab-25897db509f4
[2025-08-21 17:00:35,709] INFO - libraries.qdrant_client: ✅ Upserted match ID 88347 to 'match_stats'
[2025-08-21 17:00:35,869] INFO - libraries.qdrant_client: 🆕 Adding new match → ID: 0bf64fbe-6c3f-53a1-8f61-299eb0ab6e12
[2025-08-21 17:00:36,092] INFO - libraries.qdrant_client: ✅ Upserted match ID 91920 to 'match_stats'
[2025-08-21 17:00:36,252] INFO - libraries.qdrant_client: 🆕 Adding new match → ID: 04a40b04-62a3-5993-aa7f-65cf7b668f2b
[2025-08-21 17:00:36,477] INFO - libraries.qdrant_client: ✅ Upserted match ID 88348 to 'match_stats'
[2025-08-21 17:00:36,638] INFO - libraries.qdrant_client: 🆕 Adding new match → ID: 38b00ab7-c434-5e22-b2c7-610ca0cb6ca9
[2025-08-21 17:00:36,875] INFO - libraries.qdrant_client: ✅ Upserted match ID 90029 to 'match_stats'
[2025-08-21 17:00:37,039] INFO - libraries.qdrant_client: 🆕 Adding new match → ID: bf7b0a97-9acd-50bd-80b9-34cb2b3a0ef5
[2025-08-21 17:00:37,269] INFO - libraries.qdrant_client: ✅ Upserted match ID 90030 to 'match_stats'
[2025-08-21 17:00:37,270] INFO - controllers.cron_controller: ✅ Upcoming matches embeding successfully at 2025-08-21 17:00:37
[2025-08-21 17:02:21,296] INFO - models.cron_model: Connected to MongoDB database (mongo_db).
[2025-08-21 17:02:21,307] INFO - models.admin_model: Connected to MongoDB database (mongo_db).
[2025-08-21 17:02:35,649] INFO - models.cron_model: Connected to MongoDB database (mongo_db).
[2025-08-21 17:02:35,662] INFO - models.admin_model: Connected to MongoDB database (mongo_db).
[2025-08-21 17:02:41,671] INFO - models.cron_model: Connected to MongoDB database (mongo_db).
[2025-08-21 17:02:41,681] INFO - models.admin_model: Connected to MongoDB database (mongo_db).
[2025-08-21 17:02:49,166] INFO - models.cron_model: Connected to MongoDB database (mongo_db).
[2025-08-21 17:02:49,177] INFO - models.admin_model: Connected to MongoDB database (mongo_db).
[2025-08-21 17:02:55,465] INFO - models.cron_model: Connected to MongoDB database (mongo_db).
[2025-08-21 17:02:55,479] INFO - models.admin_model: Connected to MongoDB database (mongo_db).
[2025-08-21 17:02:58,547] INFO - models.cron_model: Connected to MongoDB database (mongo_db).
[2025-08-21 17:02:58,556] INFO - models.admin_model: Connected to MongoDB database (mongo_db).
[2025-08-21 17:03:15,107] INFO - models.cron_model: Connected to MongoDB database (mongo_db).
[2025-08-21 17:03:15,127] INFO - models.admin_model: Connected to MongoDB database (mongo_db).
[2025-08-21 17:03:27,930] INFO - models.cron_model: Connected to MongoDB database (mongo_db).
[2025-08-21 17:03:27,946] INFO - models.admin_model: Connected to MongoDB database (mongo_db).
[2025-08-21 17:03:33,777] INFO - models.cron_model: Connected to MongoDB database (mongo_db).
[2025-08-21 17:03:33,788] INFO - models.admin_model: Connected to MongoDB database (mongo_db).
[2025-08-21 17:03:53,452] INFO - models.cron_model: Connected to MongoDB database (mongo_db).
[2025-08-21 17:03:53,463] INFO - models.admin_model: Connected to MongoDB database (mongo_db).
[2025-08-21 17:03:56,521] INFO - models.cron_model: Connected to MongoDB database (mongo_db).
[2025-08-21 17:03:56,532] INFO - models.admin_model: Connected to MongoDB database (mongo_db).
[2025-08-21 17:04:22,731] INFO - controllers.cron_controller: ✅ Upcoming matches fetched successfully at 2025-08-21 17:04:22
[2025-08-21 17:04:31,301] INFO - libraries.qdrant_client: 🆕 Created Qdrant collection: match_details (dim=384)
[2025-08-21 17:04:31,593] INFO - libraries.qdrant_client: 📚 Created payload index: match_details.venue_id (INTEGER)
[2025-08-21 17:04:31,894] INFO - libraries.qdrant_client: 📚 Created payload index: match_details.player_id (INTEGER)
[2025-08-21 17:04:32,155] INFO - libraries.qdrant_client: 📚 Created payload index: match_details.ground_name (TEXT)
[2025-08-21 17:04:32,454] INFO - libraries.qdrant_client: 📚 Created payload index: match_details.position (KEYWORD)
[2025-08-21 17:04:32,734] INFO - libraries.qdrant_client: 📚 Created payload index: match_details.text (TEXT)
[2025-08-21 17:04:33,142] INFO - libraries.qdrant_client: 📚 Created payload index: match_details.league_id (INTEGER)
[2025-08-21 17:04:33,480] INFO - libraries.qdrant_client: 📚 Created payload index: match_details.full_name (TEXT)
[2025-08-21 17:04:33,865] INFO - libraries.qdrant_client: 📚 Created payload index: match_details.home_team (KEYWORD)
[2025-08-21 17:04:34,164] INFO - libraries.qdrant_client: 📚 Created payload index: match_details.match_format (KEYWORD)
[2025-08-21 17:04:34,439] INFO - libraries.qdrant_client: 📚 Created payload index: match_details.away_team_name (TEXT)
[2025-08-21 17:04:34,800] INFO - libraries.qdrant_client: 📚 Created payload index: match_details.away_team_id (INTEGER)
[2025-08-21 17:04:35,180] INFO - libraries.qdrant_client: 📚 Created payload index: match_details.home_team_id (INTEGER)
[2025-08-21 17:04:35,585] INFO - libraries.qdrant_client: 📚 Created payload index: match_details.match_id (INTEGER)
[2025-08-21 17:04:35,884] INFO - libraries.qdrant_client: 📚 Created payload index: match_details.home_team_name (TEXT)
[2025-08-21 17:04:36,205] INFO - libraries.qdrant_client: 📚 Created payload index: match_details.away_team (KEYWORD)
[2025-08-21 17:04:36,497] INFO - libraries.qdrant_client: 📚 Created payload index: match_details.league_name (TEXT)
[2025-08-21 17:04:36,665] INFO - libraries.qdrant_client: 🆕 Adding new match → ID: 46511d49-ca77-5b32-92a7-de2925f04888
[2025-08-21 17:04:37,073] INFO - libraries.qdrant_client: ✅ Upserted match ID 92706 to 'match_details'
[2025-08-21 17:04:37,239] INFO - libraries.qdrant_client: 🆕 Adding new match → ID: 05429356-98ba-5d97-9b03-54d37c2ebed9
[2025-08-21 17:04:37,476] INFO - libraries.qdrant_client: ✅ Upserted match ID 92641 to 'match_details'
[2025-08-21 17:04:37,643] INFO - libraries.qdrant_client: 🆕 Adding new match → ID: d34ff929-3294-50c6-8cc2-3416b6679e2a
[2025-08-21 17:04:37,885] INFO - libraries.qdrant_client: ✅ Upserted match ID 91917 to 'match_details'
[2025-08-21 17:04:38,054] INFO - libraries.qdrant_client: 🆕 Adding new match → ID: 0bfdfffe-9023-5ef6-9cbb-d965806388dd
[2025-08-21 17:04:38,293] INFO - libraries.qdrant_client: ✅ Upserted match ID 91991 to 'match_details'
[2025-08-21 17:04:38,460] INFO - libraries.qdrant_client: 🆕 Adding new match → ID: d1c1f7f4-52d5-5a06-8e82-2c0fc3dc238f
[2025-08-21 17:04:38,706] INFO - libraries.qdrant_client: ✅ Upserted match ID 88313 to 'match_details'
[2025-08-21 17:04:38,875] INFO - libraries.qdrant_client: 🆕 Adding new match → ID: f1ebe813-9b3d-5e3b-bd3c-5747c4e1aee9
[2025-08-21 17:04:39,121] INFO - libraries.qdrant_client: ✅ Upserted match ID 92274 to 'match_details'
[2025-08-21 17:04:39,290] INFO - libraries.qdrant_client: 🆕 Adding new match → ID: f320d2a4-fdcc-5928-b9c7-244436e4d75d
[2025-08-21 17:04:39,524] INFO - libraries.qdrant_client: ✅ Upserted match ID 92642 to 'match_details'
[2025-08-21 17:04:39,691] INFO - libraries.qdrant_client: 🆕 Adding new match → ID: 03af429e-9645-51cb-9f0b-e6fff2fdac23
[2025-08-21 17:04:39,930] INFO - libraries.qdrant_client: ✅ Upserted match ID 92562 to 'match_details'
[2025-08-21 17:04:40,096] INFO - libraries.qdrant_client: 🆕 Adding new match → ID: 1180728b-b545-5d96-a32f-c6705e852875
[2025-08-21 17:04:40,329] INFO - libraries.qdrant_client: ✅ Upserted match ID 92482 to 'match_details'
[2025-08-21 17:04:40,493] INFO - libraries.qdrant_client: 🆕 Adding new match → ID: d371c363-09a4-551f-8149-189a56455235
[2025-08-21 17:04:40,745] INFO - libraries.qdrant_client: ✅ Upserted match ID 88345 to 'match_details'
[2025-08-21 17:04:40,918] INFO - libraries.qdrant_client: 🆕 Adding new match → ID: 9393d800-1c43-59b8-8bf4-36c13f1f5715
[2025-08-21 17:04:41,153] INFO - libraries.qdrant_client: ✅ Upserted match ID 92483 to 'match_details'
[2025-08-21 17:04:41,320] INFO - libraries.qdrant_client: 🆕 Adding new match → ID: 11bb563c-01e9-5210-855c-7bca7daa3b94
[2025-08-21 17:04:41,557] INFO - libraries.qdrant_client: ✅ Upserted match ID 90027 to 'match_details'
[2025-08-21 17:04:41,725] INFO - libraries.qdrant_client: 🆕 Adding new match → ID: 3fefa8c6-3a6d-5b26-8924-2dd6e853db64
[2025-08-21 17:04:41,961] INFO - libraries.qdrant_client: ✅ Upserted match ID 92516 to 'match_details'
[2025-08-21 17:04:42,128] INFO - libraries.qdrant_client: 🆕 Adding new match → ID: 5e9e5f68-68ed-59c5-986d-631a0af8212e
[2025-08-21 17:04:42,362] INFO - libraries.qdrant_client: ✅ Upserted match ID 92517 to 'match_details'
[2025-08-21 17:04:42,527] INFO - libraries.qdrant_client: 🆕 Adding new match → ID: 422d42da-a83a-5c70-814e-0348495b1ad5
[2025-08-21 17:04:42,764] INFO - libraries.qdrant_client: ✅ Upserted match ID 90699 to 'match_details'
[2025-08-21 17:04:42,930] INFO - libraries.qdrant_client: 🆕 Adding new match → ID: 15cff134-f203-57e9-872f-2df9c93481c2
[2025-08-21 17:04:43,162] INFO - libraries.qdrant_client: ✅ Upserted match ID 92585 to 'match_details'
[2025-08-21 17:04:43,329] INFO - libraries.qdrant_client: 🆕 Adding new match → ID: 0e4e97a6-1760-5ccf-9b3c-c1ac6b76c0d8
[2025-08-21 17:04:43,559] INFO - libraries.qdrant_client: ✅ Upserted match ID 92275 to 'match_details'
[2025-08-21 17:04:43,724] INFO - libraries.qdrant_client: 🆕 Adding new match → ID: 91f9819b-2e0a-58d0-8c95-d742c6223bd5
[2025-08-21 17:04:43,960] INFO - libraries.qdrant_client: ✅ Upserted match ID 91992 to 'match_details'
[2025-08-21 17:04:44,125] INFO - libraries.qdrant_client: 🆕 Adding new match → ID: b311dc65-2282-5e24-87df-34ece815991a
[2025-08-21 17:04:44,357] INFO - libraries.qdrant_client: ✅ Upserted match ID 91918 to 'match_details'
[2025-08-21 17:04:44,524] INFO - libraries.qdrant_client: 🆕 Adding new match → ID: 2e848e89-da4c-5d5d-a15c-a063e51d657c
[2025-08-21 17:04:44,765] INFO - libraries.qdrant_client: ✅ Upserted match ID 91993 to 'match_details'
[2025-08-21 17:04:44,947] INFO - libraries.qdrant_client: 🆕 Adding new match → ID: c3bab9bd-7a03-5719-88f7-095df66772c8
[2025-08-21 17:04:45,182] INFO - libraries.qdrant_client: ✅ Upserted match ID 88314 to 'match_details'
[2025-08-21 17:04:45,350] INFO - libraries.qdrant_client: 🆕 Adding new match → ID: 8697e002-ca93-5e8e-8ad1-17e7a8846372
[2025-08-21 17:04:45,585] INFO - libraries.qdrant_client: ✅ Upserted match ID 88346 to 'match_details'
[2025-08-21 17:04:45,753] INFO - libraries.qdrant_client: 🆕 Adding new match → ID: d344b718-6359-5ed3-9c80-332a5325643e
[2025-08-21 17:04:45,983] INFO - libraries.qdrant_client: ✅ Upserted match ID 90028 to 'match_details'
[2025-08-21 17:04:46,152] INFO - libraries.qdrant_client: 🆕 Adding new match → ID: b3bde11e-37cf-581f-9ff5-2482f01b47c1
[2025-08-21 17:04:46,394] INFO - libraries.qdrant_client: ✅ Upserted match ID 91919 to 'match_details'
[2025-08-21 17:04:46,562] INFO - libraries.qdrant_client: 🆕 Adding new match → ID: b6d71ae3-c219-5dc8-9403-77dcfa659a6e
[2025-08-21 17:04:46,798] INFO - libraries.qdrant_client: ✅ Upserted match ID 88315 to 'match_details'
[2025-08-21 17:04:46,966] INFO - libraries.qdrant_client: 🆕 Adding new match → ID: c0ba6a0b-dd23-5852-a3ac-f56b69c7eca9
[2025-08-21 17:04:47,221] INFO - libraries.qdrant_client: ✅ Upserted match ID 88316 to 'match_details'
[2025-08-21 17:04:47,389] INFO - libraries.qdrant_client: 🆕 Adding new match → ID: 725abb11-52c7-58e7-94ab-25897db509f4
[2025-08-21 17:04:47,640] INFO - libraries.qdrant_client: ✅ Upserted match ID 88347 to 'match_details'
[2025-08-21 17:04:47,806] INFO - libraries.qdrant_client: 🆕 Adding new match → ID: 0bf64fbe-6c3f-53a1-8f61-299eb0ab6e12
[2025-08-21 17:04:48,071] INFO - libraries.qdrant_client: ✅ Upserted match ID 91920 to 'match_details'
[2025-08-21 17:04:48,241] INFO - libraries.qdrant_client: 🆕 Adding new match → ID: 04a40b04-62a3-5993-aa7f-65cf7b668f2b
[2025-08-21 17:04:48,476] INFO - libraries.qdrant_client: ✅ Upserted match ID 88348 to 'match_details'
[2025-08-21 17:04:48,648] INFO - libraries.qdrant_client: 🆕 Adding new match → ID: 38b00ab7-c434-5e22-b2c7-610ca0cb6ca9
[2025-08-21 17:04:48,889] INFO - libraries.qdrant_client: ✅ Upserted match ID 90029 to 'match_details'
[2025-08-21 17:04:49,058] INFO - libraries.qdrant_client: 🆕 Adding new match → ID: bf7b0a97-9acd-50bd-80b9-34cb2b3a0ef5
[2025-08-21 17:04:49,291] INFO - libraries.qdrant_client: ✅ Upserted match ID 90030 to 'match_details'
[2025-08-21 17:04:52,578] INFO - libraries.qdrant_client: 🆕 Created Qdrant collection: match_stats (dim=384)
[2025-08-21 17:04:52,860] INFO - libraries.qdrant_client: 📚 Created payload index: match_stats.venue_id (INTEGER)
[2025-08-21 17:04:53,100] INFO - libraries.qdrant_client: 📚 Created payload index: match_stats.ground_name (TEXT)
[2025-08-21 17:04:53,345] INFO - libraries.qdrant_client: 📚 Created payload index: match_stats.text (TEXT)
[2025-08-21 17:04:53,684] INFO - libraries.qdrant_client: 📚 Created payload index: match_stats.league_id (INTEGER)
[2025-08-21 17:04:53,936] INFO - libraries.qdrant_client: 📚 Created payload index: match_stats.home_team (KEYWORD)
[2025-08-21 17:04:54,188] INFO - libraries.qdrant_client: 📚 Created payload index: match_stats.match_format (KEYWORD)
[2025-08-21 17:04:54,466] INFO - libraries.qdrant_client: 📚 Created payload index: match_stats.away_team_name (TEXT)
[2025-08-21 17:04:54,824] INFO - libraries.qdrant_client: 📚 Created payload index: match_stats.away_team_id (INTEGER)
[2025-08-21 17:04:55,196] INFO - libraries.qdrant_client: 📚 Created payload index: match_stats.home_team_id (INTEGER)
[2025-08-21 17:04:55,566] INFO - libraries.qdrant_client: 📚 Created payload index: match_stats.match_id (INTEGER)
[2025-08-21 17:04:55,858] INFO - libraries.qdrant_client: 📚 Created payload index: match_stats.home_team_name (TEXT)
[2025-08-21 17:04:56,147] INFO - libraries.qdrant_client: 📚 Created payload index: match_stats.away_team (KEYWORD)
[2025-08-21 17:04:56,422] INFO - libraries.qdrant_client: 📚 Created payload index: match_stats.league_name (TEXT)
[2025-08-21 17:04:56,586] INFO - libraries.qdrant_client: 🆕 Adding new match → ID: 46511d49-ca77-5b32-92a7-de2925f04888
[2025-08-21 17:04:56,813] INFO - libraries.qdrant_client: ✅ Upserted match ID 92706 to 'match_stats'
[2025-08-21 17:04:56,976] INFO - libraries.qdrant_client: 🆕 Adding new match → ID: 05429356-98ba-5d97-9b03-54d37c2ebed9
[2025-08-21 17:04:57,202] INFO - libraries.qdrant_client: ✅ Upserted match ID 92641 to 'match_stats'
[2025-08-21 17:04:57,366] INFO - libraries.qdrant_client: 🆕 Adding new match → ID: d34ff929-3294-50c6-8cc2-3416b6679e2a
[2025-08-21 17:04:57,591] INFO - libraries.qdrant_client: ✅ Upserted match ID 91917 to 'match_stats'
[2025-08-21 17:04:57,754] INFO - libraries.qdrant_client: 🆕 Adding new match → ID: 0bfdfffe-9023-5ef6-9cbb-d965806388dd
[2025-08-21 17:04:57,983] INFO - libraries.qdrant_client: ✅ Upserted match ID 91991 to 'match_stats'
[2025-08-21 17:04:58,146] INFO - libraries.qdrant_client: 🆕 Adding new match → ID: d1c1f7f4-52d5-5a06-8e82-2c0fc3dc238f
[2025-08-21 17:04:58,378] INFO - libraries.qdrant_client: ✅ Upserted match ID 88313 to 'match_stats'
[2025-08-21 17:04:58,543] INFO - libraries.qdrant_client: 🆕 Adding new match → ID: f1ebe813-9b3d-5e3b-bd3c-5747c4e1aee9
[2025-08-21 17:04:58,777] INFO - libraries.qdrant_client: ✅ Upserted match ID 92274 to 'match_stats'
[2025-08-21 17:04:58,940] INFO - libraries.qdrant_client: 🆕 Adding new match → ID: f320d2a4-fdcc-5928-b9c7-244436e4d75d
[2025-08-21 17:04:59,166] INFO - libraries.qdrant_client: ✅ Upserted match ID 92642 to 'match_stats'
[2025-08-21 17:04:59,328] INFO - libraries.qdrant_client: 🆕 Adding new match → ID: 03af429e-9645-51cb-9f0b-e6fff2fdac23
[2025-08-21 17:04:59,554] INFO - libraries.qdrant_client: ✅ Upserted match ID 92562 to 'match_stats'
[2025-08-21 17:04:59,716] INFO - libraries.qdrant_client: 🆕 Adding new match → ID: 1180728b-b545-5d96-a32f-c6705e852875
[2025-08-21 17:04:59,941] INFO - libraries.qdrant_client: ✅ Upserted match ID 92482 to 'match_stats'
[2025-08-21 17:05:00,104] INFO - libraries.qdrant_client: 🆕 Adding new match → ID: d371c363-09a4-551f-8149-189a56455235
[2025-08-21 17:05:00,330] INFO - libraries.qdrant_client: ✅ Upserted match ID 88345 to 'match_stats'
[2025-08-21 17:05:00,493] INFO - libraries.qdrant_client: 🆕 Adding new match → ID: 9393d800-1c43-59b8-8bf4-36c13f1f5715
[2025-08-21 17:05:00,727] INFO - libraries.qdrant_client: ✅ Upserted match ID 92483 to 'match_stats'
[2025-08-21 17:05:00,895] INFO - libraries.qdrant_client: 🆕 Adding new match → ID: 11bb563c-01e9-5210-855c-7bca7daa3b94
[2025-08-21 17:05:01,129] INFO - libraries.qdrant_client: ✅ Upserted match ID 90027 to 'match_stats'
[2025-08-21 17:05:01,291] INFO - libraries.qdrant_client: 🆕 Adding new match → ID: 3fefa8c6-3a6d-5b26-8924-2dd6e853db64
[2025-08-21 17:05:01,519] INFO - libraries.qdrant_client: ✅ Upserted match ID 92516 to 'match_stats'
[2025-08-21 17:05:01,680] INFO - libraries.qdrant_client: 🆕 Adding new match → ID: 5e9e5f68-68ed-59c5-986d-631a0af8212e
[2025-08-21 17:05:01,909] INFO - libraries.qdrant_client: ✅ Upserted match ID 92517 to 'match_stats'
[2025-08-21 17:05:02,074] INFO - libraries.qdrant_client: 🆕 Adding new match → ID: 422d42da-a83a-5c70-814e-0348495b1ad5
[2025-08-21 17:05:02,306] INFO - libraries.qdrant_client: ✅ Upserted match ID 90699 to 'match_stats'
[2025-08-21 17:05:02,468] INFO - libraries.qdrant_client: 🆕 Adding new match → ID: 15cff134-f203-57e9-872f-2df9c93481c2
[2025-08-21 17:05:02,699] INFO - libraries.qdrant_client: ✅ Upserted match ID 92585 to 'match_stats'
[2025-08-21 17:05:02,866] INFO - libraries.qdrant_client: 🆕 Adding new match → ID: 0e4e97a6-1760-5ccf-9b3c-c1ac6b76c0d8
[2025-08-21 17:05:03,115] INFO - libraries.qdrant_client: ✅ Upserted match ID 92275 to 'match_stats'
[2025-08-21 17:05:03,279] INFO - libraries.qdrant_client: 🆕 Adding new match → ID: 91f9819b-2e0a-58d0-8c95-d742c6223bd5
[2025-08-21 17:05:03,498] INFO - libraries.qdrant_client: ✅ Upserted match ID 91992 to 'match_stats'
[2025-08-21 17:05:03,661] INFO - libraries.qdrant_client: 🆕 Adding new match → ID: b311dc65-2282-5e24-87df-34ece815991a
[2025-08-21 17:05:03,886] INFO - libraries.qdrant_client: ✅ Upserted match ID 91918 to 'match_stats'
[2025-08-21 17:05:04,048] INFO - libraries.qdrant_client: 🆕 Adding new match → ID: 2e848e89-da4c-5d5d-a15c-a063e51d657c
[2025-08-21 17:05:04,279] INFO - libraries.qdrant_client: ✅ Upserted match ID 91993 to 'match_stats'
[2025-08-21 17:05:04,439] INFO - libraries.qdrant_client: 🆕 Adding new match → ID: c3bab9bd-7a03-5719-88f7-095df66772c8
[2025-08-21 17:05:04,685] INFO - libraries.qdrant_client: ✅ Upserted match ID 88314 to 'match_stats'
[2025-08-21 17:05:04,847] INFO - libraries.qdrant_client: 🆕 Adding new match → ID: 8697e002-ca93-5e8e-8ad1-17e7a8846372
[2025-08-21 17:05:05,082] INFO - libraries.qdrant_client: ✅ Upserted match ID 88346 to 'match_stats'
[2025-08-21 17:05:05,245] INFO - libraries.qdrant_client: 🆕 Adding new match → ID: d344b718-6359-5ed3-9c80-332a5325643e
[2025-08-21 17:05:05,470] INFO - libraries.qdrant_client: ✅ Upserted match ID 90028 to 'match_stats'
[2025-08-21 17:05:05,632] INFO - libraries.qdrant_client: 🆕 Adding new match → ID: b3bde11e-37cf-581f-9ff5-2482f01b47c1
[2025-08-21 17:05:05,859] INFO - libraries.qdrant_client: ✅ Upserted match ID 91919 to 'match_stats'
[2025-08-21 17:05:06,021] INFO - libraries.qdrant_client: 🆕 Adding new match → ID: b6d71ae3-c219-5dc8-9403-77dcfa659a6e
[2025-08-21 17:05:06,245] INFO - libraries.qdrant_client: ✅ Upserted match ID 88315 to 'match_stats'
[2025-08-21 17:05:06,408] INFO - libraries.qdrant_client: 🆕 Adding new match → ID: c0ba6a0b-dd23-5852-a3ac-f56b69c7eca9
[2025-08-21 17:05:06,640] INFO - libraries.qdrant_client: ✅ Upserted match ID 88316 to 'match_stats'
[2025-08-21 17:05:06,802] INFO - libraries.qdrant_client: 🆕 Adding new match → ID: 725abb11-52c7-58e7-94ab-25897db509f4
[2025-08-21 17:05:07,124] INFO - libraries.qdrant_client: ✅ Upserted match ID 88347 to 'match_stats'
[2025-08-21 17:05:07,287] INFO - libraries.qdrant_client: 🆕 Adding new match → ID: 0bf64fbe-6c3f-53a1-8f61-299eb0ab6e12
[2025-08-21 17:05:07,515] INFO - libraries.qdrant_client: ✅ Upserted match ID 91920 to 'match_stats'
[2025-08-21 17:05:07,677] INFO - libraries.qdrant_client: 🆕 Adding new match → ID: 04a40b04-62a3-5993-aa7f-65cf7b668f2b
[2025-08-21 17:05:08,074] INFO - libraries.qdrant_client: ✅ Upserted match ID 88348 to 'match_stats'
[2025-08-21 17:05:08,235] INFO - libraries.qdrant_client: 🆕 Adding new match → ID: 38b00ab7-c434-5e22-b2c7-610ca0cb6ca9
[2025-08-21 17:05:08,458] INFO - libraries.qdrant_client: ✅ Upserted match ID 90029 to 'match_stats'
[2025-08-21 17:05:08,620] INFO - libraries.qdrant_client: 🆕 Adding new match → ID: bf7b0a97-9acd-50bd-80b9-34cb2b3a0ef5
[2025-08-21 17:05:08,845] INFO - libraries.qdrant_client: ✅ Upserted match ID 90030 to 'match_stats'
[2025-08-21 17:05:08,845] INFO - controllers.cron_controller: ✅ Upcoming matches embeding successfully at 2025-08-21 17:05:08
[2025-08-21 17:05:34,562] INFO - models.cron_model: Connected to MongoDB database (mongo_db).
[2025-08-21 17:05:34,571] INFO - models.admin_model: Connected to MongoDB database (mongo_db).
